<?xml version="1.0" encoding="UTF-8"?>
<coverage generated="1744303299650" clover="3.2.0">
  <project timestamp="1744303299651" name="All files">
    <metrics statements="20" coveredstatements="3" conditionals="0" coveredconditionals="0" methods="4" coveredmethods="2" elements="24" coveredelements="5" complexity="0" loc="20" ncloc="20" packages="1" files="5" classes="5"/>
    <file name="App.jsx" path="C:\Users\rakhi\Facility-Pro\src\App.jsx">
      <metrics statements="1" coveredstatements="1" conditionals="0" coveredconditionals="0" methods="1" coveredmethods="1"/>
      <line num="7" count="1" type="stmt"/>
    </file>
    <file name="LandingPage.jsx" path="C:\Users\rakhi\Facility-Pro\src\LandingPage.jsx">
      <metrics statements="2" coveredstatements="2" conditionals="0" coveredconditionals="0" methods="1" coveredmethods="1"/>
      <line num="4" count="1" type="stmt"/>
      <line num="6" count="1" type="stmt"/>
    </file>
    <file name="firebase-auth.js" path="C:\Users\rakhi\Facility-Pro\src\firebase-auth.js">
      <metrics statements="13" coveredstatements="0" conditionals="0" coveredconditionals="0" methods="2" coveredmethods="0"/>
      <line num="5" count="0" type="stmt"/>
      <line num="6" count="0" type="stmt"/>
      <line num="9" count="0" type="stmt"/>
      <line num="10" count="0" type="stmt"/>
      <line num="11" count="0" type="stmt"/>
      <line num="12" count="0" type="stmt"/>
      <line num="13" count="0" type="stmt"/>
      <line num="15" count="0" type="stmt"/>
      <line num="20" count="0" type="stmt"/>
      <line num="21" count="0" type="stmt"/>
      <line num="22" count="0" type="stmt"/>
      <line num="23" count="0" type="stmt"/>
      <line num="25" count="0" type="stmt"/>
    </file>
    <file name="firebase.config.js" path="C:\Users\rakhi\Facility-Pro\src\firebase.config.js">
      <metrics statements="3" coveredstatements="0" conditionals="0" coveredconditionals="0" methods="0" coveredmethods="0"/>
      <line num="9" count="0" type="stmt"/>
      <line num="20" count="0" type="stmt"/>
      <line num="21" count="0" type="stmt"/>
    </file>
    <file name="main.jsx" path="C:\Users\rakhi\Facility-Pro\src\main.jsx">
      <metrics statements="1" coveredstatements="0" conditionals="0" coveredconditionals="0" methods="0" coveredmethods="0"/>
      <line num="6" count="0" type="stmt"/>
    </file>
  </project>
</coverage>
