{"C:\\Users\\rakhi\\Facility-Pro\\src\\App.jsx": {"path":"C:\\Users\\rakhi\\Facility-Pro\\src\\App.jsx","statementMap":{"0":{"start":{"line":7,"column":28},"end":{"line":7,"column":39}},"1":{"start":{"line":9,"column":2},"end":{"line":32,"column":4}},"2":{"start":{"line":21,"column":31},"end":{"line":21,"column":61}},"3":{"start":{"line":21,"column":51},"end":{"line":21,"column":60}}},"fnMap":{"0":{"name":"App","decl":{"start":{"line":6,"column":9},"end":{"line":6,"column":12}},"loc":{"start":{"line":6,"column":15},"end":{"line":33,"column":1}},"line":6},"1":{"name":"(anonymous_1)","decl":{"start":{"line":21,"column":25},"end":{"line":21,"column":26}},"loc":{"start":{"line":21,"column":31},"end":{"line":21,"column":61}},"line":21},"2":{"name":"(anonymous_2)","decl":{"start":{"line":21,"column":40},"end":{"line":21,"column":41}},"loc":{"start":{"line":21,"column":51},"end":{"line":21,"column":60}},"line":21}},"branchMap":{},"s":{"0":1,"1":1,"2":0,"3":0},"f":{"0":1,"1":0,"2":0},"b":{},"_coverageSchema":"1a1c01bbd47fc00a2c39e90264f33305004495a9","hash":"a087858dd416448a3dfae2c829fb77e1f962985c"}
,"C:\\Users\\rakhi\\Facility-Pro\\src\\firebase-auth.js": {"path":"C:\\Users\\rakhi\\Facility-Pro\\src\\firebase-auth.js","statementMap":{"0":{"start":{"line":5,"column":13},"end":{"line":5,"column":25}},"1":{"start":{"line":6,"column":17},"end":{"line":6,"column":41}},"2":{"start":{"line":9,"column":32},"end":{"line":17,"column":1}},"3":{"start":{"line":10,"column":2},"end":{"line":16,"column":3}},"4":{"start":{"line":11,"column":19},"end":{"line":11,"column":56}},"5":{"start":{"line":12,"column":4},"end":{"line":12,"column":48}},"6":{"start":{"line":13,"column":4},"end":{"line":13,"column":23}},"7":{"start":{"line":15,"column":4},"end":{"line":15,"column":46}},"8":{"start":{"line":20,"column":27},"end":{"line":27,"column":1}},"9":{"start":{"line":21,"column":2},"end":{"line":26,"column":3}},"10":{"start":{"line":22,"column":4},"end":{"line":22,"column":24}},"11":{"start":{"line":23,"column":4},"end":{"line":23,"column":35}},"12":{"start":{"line":25,"column":4},"end":{"line":25,"column":47}}},"fnMap":{"0":{"name":"(anonymous_0)","decl":{"start":{"line":9,"column":32},"end":{"line":9,"column":33}},"loc":{"start":{"line":9,"column":44},"end":{"line":17,"column":1}},"line":9},"1":{"name":"(anonymous_1)","decl":{"start":{"line":20,"column":27},"end":{"line":20,"column":28}},"loc":{"start":{"line":20,"column":39},"end":{"line":27,"column":1}},"line":20}},"branchMap":{},"s":{"0":0,"1":0,"2":0,"3":0,"4":0,"5":0,"6":0,"7":0,"8":0,"9":0,"10":0,"11":0,"12":0},"f":{"0":0,"1":0},"b":{}}
,"C:\\Users\\rakhi\\Facility-Pro\\src\\firebase.config.js": {"path":"C:\\Users\\rakhi\\Facility-Pro\\src\\firebase.config.js","statementMap":{"0":{"start":{"line":9,"column":23},"end":{"line":17,"column":1}},"1":{"start":{"line":20,"column":12},"end":{"line":20,"column":41}},"2":{"start":{"line":21,"column":18},"end":{"line":21,"column":35}}},"fnMap":{},"branchMap":{},"s":{"0":0,"1":0,"2":0},"f":{},"b":{}}
,"C:\\Users\\rakhi\\Facility-Pro\\src\\main.jsx": {"path":"C:\\Users\\rakhi\\Facility-Pro\\src\\main.jsx","statementMap":{"0":{"start":{"line":6,"column":0},"end":{"line":10,"column":1}}},"fnMap":{},"branchMap":{},"s":{"0":0},"f":{},"b":{}}
}
