{"C:\\Users\\Phumla Lila\\SD project\\Facility-Pro\\src\\App.jsx": {"path":"C:\\Users\\Phumla Lila\\SD project\\Facility-Pro\\src\\App.jsx","statementMap":{"0":{"start":{"line":30,"column":2},"end":{"line":59,"column":4}}},"fnMap":{"0":{"name":"App","decl":{"start":{"line":29,"column":9},"end":{"line":29,"column":12}},"loc":{"start":{"line":29,"column":15},"end":{"line":60,"column":1}},"line":29}},"branchMap":{},"s":{"0":0},"f":{"0":0},"b":{}}
,"C:\\Users\\Phumla Lila\\SD project\\Facility-Pro\\src\\main.jsx": {"path":"C:\\Users\\Phumla Lila\\SD project\\Facility-Pro\\src\\main.jsx","statementMap":{"0":{"start":{"line":7,"column":0},"end":{"line":11,"column":1}}},"fnMap":{},"branchMap":{},"s":{"0":0},"f":{},"b":{}}
,"C:\\Users\\Phumla Lila\\SD project\\Facility-Pro\\src\\components\\LandingPage.jsx": {"path":"C:\\Users\\Phumla Lila\\SD project\\Facility-Pro\\src\\components\\LandingPage.jsx","statementMap":{"0":{"start":{"line":18,"column":21},"end":{"line":26,"column":1}},"1":{"start":{"line":29,"column":26},"end":{"line":81,"column":1}},"2":{"start":{"line":30,"column":42},"end":{"line":30,"column":53}},"3":{"start":{"line":32,"column":20},"end":{"line":34,"column":3}},"4":{"start":{"line":33,"column":4},"end":{"line":33,"column":96}},"5":{"start":{"line":33,"column":36},"end":{"line":33,"column":93}},"6":{"start":{"line":36,"column":20},"end":{"line":38,"column":3}},"7":{"start":{"line":37,"column":4},"end":{"line":37,"column":96}},"8":{"start":{"line":37,"column":36},"end":{"line":37,"column":93}},"9":{"start":{"line":40,"column":20},"end":{"line":42,"column":3}},"10":{"start":{"line":41,"column":4},"end":{"line":41,"column":32}},"11":{"start":{"line":45,"column":2},"end":{"line":50,"column":9}},"12":{"start":{"line":46,"column":21},"end":{"line":48,"column":12}},"13":{"start":{"line":47,"column":6},"end":{"line":47,"column":18}},"14":{"start":{"line":49,"column":4},"end":{"line":49,"column":41}},"15":{"start":{"line":49,"column":17},"end":{"line":49,"column":40}},"16":{"start":{"line":52,"column":2},"end":{"line":80,"column":4}},"17":{"start":{"line":72,"column":10},"end":{"line":76,"column":12}},"18":{"start":{"line":75,"column":27},"end":{"line":75,"column":43}},"19":{"start":{"line":83,"column":20},"end":{"line":142,"column":1}},"20":{"start":{"line":84,"column":19},"end":{"line":84,"column":32}},"21":{"start":{"line":87,"column":4},"end":{"line":87,"column":27}},"22":{"start":{"line":91,"column":4},"end":{"line":91,"column":28}},"23":{"start":{"line":94,"column":2},"end":{"line":141,"column":4}}},"fnMap":{"0":{"name":"(anonymous_0)","decl":{"start":{"line":29,"column":26},"end":{"line":29,"column":27}},"loc":{"start":{"line":29,"column":32},"end":{"line":81,"column":1}},"line":29},"1":{"name":"(anonymous_1)","decl":{"start":{"line":32,"column":20},"end":{"line":32,"column":21}},"loc":{"start":{"line":32,"column":26},"end":{"line":34,"column":3}},"line":32},"2":{"name":"(anonymous_2)","decl":{"start":{"line":33,"column":20},"end":{"line":33,"column":21}},"loc":{"start":{"line":33,"column":36},"end":{"line":33,"column":93}},"line":33},"3":{"name":"(anonymous_3)","decl":{"start":{"line":36,"column":20},"end":{"line":36,"column":21}},"loc":{"start":{"line":36,"column":26},"end":{"line":38,"column":3}},"line":36},"4":{"name":"(anonymous_4)","decl":{"start":{"line":37,"column":20},"end":{"line":37,"column":21}},"loc":{"start":{"line":37,"column":36},"end":{"line":37,"column":93}},"line":37},"5":{"name":"(anonymous_5)","decl":{"start":{"line":40,"column":20},"end":{"line":40,"column":21}},"loc":{"start":{"line":40,"column":36},"end":{"line":42,"column":3}},"line":40},"6":{"name":"(anonymous_6)","decl":{"start":{"line":45,"column":12},"end":{"line":45,"column":13}},"loc":{"start":{"line":45,"column":18},"end":{"line":50,"column":3}},"line":45},"7":{"name":"(anonymous_7)","decl":{"start":{"line":46,"column":33},"end":{"line":46,"column":34}},"loc":{"start":{"line":46,"column":39},"end":{"line":48,"column":5}},"line":46},"8":{"name":"(anonymous_8)","decl":{"start":{"line":49,"column":11},"end":{"line":49,"column":12}},"loc":{"start":{"line":49,"column":17},"end":{"line":49,"column":40}},"line":49},"9":{"name":"(anonymous_9)","decl":{"start":{"line":71,"column":26},"end":{"line":71,"column":27}},"loc":{"start":{"line":72,"column":10},"end":{"line":76,"column":12}},"line":72},"10":{"name":"(anonymous_10)","decl":{"start":{"line":75,"column":21},"end":{"line":75,"column":22}},"loc":{"start":{"line":75,"column":27},"end":{"line":75,"column":43}},"line":75},"11":{"name":"(anonymous_11)","decl":{"start":{"line":83,"column":20},"end":{"line":83,"column":21}},"loc":{"start":{"line":83,"column":26},"end":{"line":142,"column":1}},"line":83},"12":{"name":"goToLoginPage","decl":{"start":{"line":86,"column":11},"end":{"line":86,"column":24}},"loc":{"start":{"line":86,"column":27},"end":{"line":88,"column":3}},"line":86},"13":{"name":"goToSignupPage","decl":{"start":{"line":90,"column":11},"end":{"line":90,"column":25}},"loc":{"start":{"line":90,"column":28},"end":{"line":92,"column":3}},"line":90}},"branchMap":{"0":{"loc":{"start":{"line":33,"column":36},"end":{"line":33,"column":93}},"type":"cond-expr","locations":[{"start":{"line":33,"column":76},"end":{"line":33,"column":77}},{"start":{"line":33,"column":80},"end":{"line":33,"column":93}}],"line":33},"1":{"loc":{"start":{"line":37,"column":36},"end":{"line":37,"column":93}},"type":"cond-expr","locations":[{"start":{"line":37,"column":54},"end":{"line":37,"column":77}},{"start":{"line":37,"column":80},"end":{"line":37,"column":93}}],"line":37},"2":{"loc":{"start":{"line":74,"column":30},"end":{"line":74,"column":68}},"type":"cond-expr","locations":[{"start":{"line":74,"column":55},"end":{"line":74,"column":63}},{"start":{"line":74,"column":66},"end":{"line":74,"column":68}}],"line":74}},"s":{"0":1,"1":1,"2":25,"3":25,"4":10,"5":10,"6":25,"7":1,"8":1,"9":25,"10":2,"11":25,"12":12,"13":2,"14":12,"15":12,"16":25,"17":175,"18":2,"19":1,"20":12,"21":1,"22":1,"23":12},"f":{"0":25,"1":10,"2":10,"3":1,"4":1,"5":2,"6":12,"7":2,"8":12,"9":175,"10":2,"11":12,"12":1,"13":1},"b":{"0":[1,9],"1":[1,0],"2":[25,150]},"_coverageSchema":"1a1c01bbd47fc00a2c39e90264f33305004495a9","hash":"03d2c4847185781844166254c590f81e741b035f"}
,"C:\\Users\\Phumla Lila\\SD project\\Facility-Pro\\src\\components\\LoginPage.jsx": {"path":"C:\\Users\\Phumla Lila\\SD project\\Facility-Pro\\src\\components\\LoginPage.jsx","statementMap":{"0":{"start":{"line":15,"column":18},"end":{"line":172,"column":1}},"1":{"start":{"line":16,"column":19},"end":{"line":16,"column":32}},"2":{"start":{"line":17,"column":28},"end":{"line":17,"column":42}},"3":{"start":{"line":21,"column":4},"end":{"line":72,"column":3}},"4":{"start":{"line":22,"column":17},"end":{"line":22,"column":41}},"5":{"start":{"line":23,"column":15},"end":{"line":23,"column":26}},"6":{"start":{"line":24,"column":2},"end":{"line":24,"column":40}},"7":{"start":{"line":26,"column":14},"end":{"line":26,"column":22}},"8":{"start":{"line":29,"column":29},"end":{"line":29,"column":52}},"9":{"start":{"line":31,"column":19},"end":{"line":40,"column":3}},"10":{"start":{"line":41,"column":2},"end":{"line":45,"column":9}},"11":{"start":{"line":42,"column":12},"end":{"line":42,"column":56}},"12":{"start":{"line":44,"column":12},"end":{"line":44,"column":44}},"13":{"start":{"line":46,"column":2},"end":{"line":46,"column":27}},"14":{"start":{"line":48,"column":21},"end":{"line":48,"column":39}},"15":{"start":{"line":50,"column":18},"end":{"line":50,"column":41}},"16":{"start":{"line":51,"column":2},"end":{"line":51,"column":43}},"17":{"start":{"line":52,"column":4},"end":{"line":52,"column":47}},"18":{"start":{"line":53,"column":4},"end":{"line":53,"column":48}},"19":{"start":{"line":54,"column":2},"end":{"line":65,"column":3}},"20":{"start":{"line":55,"column":3},"end":{"line":55,"column":27}},"21":{"start":{"line":57,"column":7},"end":{"line":65,"column":3}},"22":{"start":{"line":58,"column":3},"end":{"line":58,"column":30}},"23":{"start":{"line":60,"column":7},"end":{"line":65,"column":3}},"24":{"start":{"line":61,"column":3},"end":{"line":61,"column":27}},"25":{"start":{"line":64,"column":3},"end":{"line":64,"column":17}},"26":{"start":{"line":71,"column":2},"end":{"line":71,"column":45}},"27":{"start":{"line":76,"column":34},"end":{"line":79,"column":4}},"28":{"start":{"line":81,"column":23},"end":{"line":83,"column":3}},"29":{"start":{"line":82,"column":4},"end":{"line":82,"column":66}},"30":{"start":{"line":85,"column":23},"end":{"line":121,"column":3}},"31":{"start":{"line":86,"column":4},"end":{"line":86,"column":23}},"32":{"start":{"line":87,"column":4},"end":{"line":120,"column":7}},"33":{"start":{"line":88,"column":6},"end":{"line":88,"column":19}},"34":{"start":{"line":89,"column":19},"end":{"line":89,"column":86}},"35":{"start":{"line":91,"column":18},"end":{"line":91,"column":26}},"36":{"start":{"line":92,"column":23},"end":{"line":92,"column":45}},"37":{"start":{"line":94,"column":20},"end":{"line":94,"column":43}},"38":{"start":{"line":95,"column":6},"end":{"line":95,"column":47}},"39":{"start":{"line":96,"column":6},"end":{"line":96,"column":49}},"40":{"start":{"line":97,"column":6},"end":{"line":97,"column":41}},"41":{"start":{"line":98,"column":6},"end":{"line":109,"column":7}},"42":{"start":{"line":99,"column":8},"end":{"line":99,"column":32}},"43":{"start":{"line":101,"column":11},"end":{"line":109,"column":7}},"44":{"start":{"line":102,"column":8},"end":{"line":102,"column":35}},"45":{"start":{"line":104,"column":11},"end":{"line":109,"column":7}},"46":{"start":{"line":105,"column":8},"end":{"line":105,"column":32}},"47":{"start":{"line":108,"column":8},"end":{"line":108,"column":22}},"48":{"start":{"line":111,"column":8},"end":{"line":111,"column":50}},"49":{"start":{"line":112,"column":22},"end":{"line":112,"column":45}},"50":{"start":{"line":113,"column":8},"end":{"line":115,"column":9}},"51":{"start":{"line":114,"column":10},"end":{"line":114,"column":49}},"52":{"start":{"line":118,"column":8},"end":{"line":118,"column":26}},"53":{"start":{"line":124,"column":2},"end":{"line":171,"column":4}}},"fnMap":{"0":{"name":"(anonymous_0)","decl":{"start":{"line":15,"column":18},"end":{"line":15,"column":19}},"loc":{"start":{"line":15,"column":24},"end":{"line":172,"column":1}},"line":15},"1":{"name":"handleSignInWithGoogle","decl":{"start":{"line":19,"column":17},"end":{"line":19,"column":39}},"loc":{"start":{"line":19,"column":42},"end":{"line":74,"column":3}},"line":19},"2":{"name":"(anonymous_2)","decl":{"start":{"line":81,"column":23},"end":{"line":81,"column":24}},"loc":{"start":{"line":81,"column":30},"end":{"line":83,"column":3}},"line":81},"3":{"name":"(anonymous_3)","decl":{"start":{"line":85,"column":23},"end":{"line":85,"column":24}},"loc":{"start":{"line":85,"column":36},"end":{"line":121,"column":3}},"line":85}},"branchMap":{"0":{"loc":{"start":{"line":41,"column":2},"end":{"line":45,"column":9}},"type":"if","locations":[{"start":{"line":41,"column":2},"end":{"line":45,"column":9}},{"start":{"line":43,"column":15},"end":{"line":45,"column":9}}],"line":41},"1":{"loc":{"start":{"line":54,"column":2},"end":{"line":65,"column":3}},"type":"if","locations":[{"start":{"line":54,"column":2},"end":{"line":65,"column":3}},{"start":{"line":57,"column":7},"end":{"line":65,"column":3}}],"line":54},"2":{"loc":{"start":{"line":57,"column":7},"end":{"line":65,"column":3}},"type":"if","locations":[{"start":{"line":57,"column":7},"end":{"line":65,"column":3}},{"start":{"line":60,"column":7},"end":{"line":65,"column":3}}],"line":57},"3":{"loc":{"start":{"line":60,"column":7},"end":{"line":65,"column":3}},"type":"if","locations":[{"start":{"line":60,"column":7},"end":{"line":65,"column":3}},{"start":{"line":63,"column":6},"end":{"line":65,"column":3}}],"line":60},"4":{"loc":{"start":{"line":98,"column":6},"end":{"line":109,"column":7}},"type":"if","locations":[{"start":{"line":98,"column":6},"end":{"line":109,"column":7}},{"start":{"line":101,"column":11},"end":{"line":109,"column":7}}],"line":98},"5":{"loc":{"start":{"line":101,"column":11},"end":{"line":109,"column":7}},"type":"if","locations":[{"start":{"line":101,"column":11},"end":{"line":109,"column":7}},{"start":{"line":104,"column":11},"end":{"line":109,"column":7}}],"line":101},"6":{"loc":{"start":{"line":104,"column":11},"end":{"line":109,"column":7}},"type":"if","locations":[{"start":{"line":104,"column":11},"end":{"line":109,"column":7}},{"start":{"line":107,"column":10},"end":{"line":109,"column":7}}],"line":104},"7":{"loc":{"start":{"line":113,"column":8},"end":{"line":115,"column":9}},"type":"if","locations":[{"start":{"line":113,"column":8},"end":{"line":115,"column":9}},{"start":{},"end":{}}],"line":113},"8":{"loc":{"start":{"line":167,"column":11},"end":{"line":167,"column":52}},"type":"binary-expr","locations":[{"start":{"line":167,"column":11},"end":{"line":167,"column":16}},{"start":{"line":167,"column":20},"end":{"line":167,"column":52}}],"line":167}},"s":{"0":0,"1":0,"2":0,"3":0,"4":0,"5":0,"6":0,"7":0,"8":0,"9":0,"10":0,"11":0,"12":0,"13":0,"14":0,"15":0,"16":0,"17":0,"18":0,"19":0,"20":0,"21":0,"22":0,"23":0,"24":0,"25":0,"26":0,"27":0,"28":0,"29":0,"30":0,"31":0,"32":0,"33":0,"34":0,"35":0,"36":0,"37":0,"38":0,"39":0,"40":0,"41":0,"42":0,"43":0,"44":0,"45":0,"46":0,"47":0,"48":0,"49":0,"50":0,"51":0,"52":0,"53":0},"f":{"0":0,"1":0,"2":0,"3":0},"b":{"0":[0,0],"1":[0,0],"2":[0,0],"3":[0,0],"4":[0,0],"5":[0,0],"6":[0,0],"7":[0,0],"8":[0,0]}}
,"C:\\Users\\Phumla Lila\\SD project\\Facility-Pro\\src\\components\\SignupPage.jsx": {"path":"C:\\Users\\Phumla Lila\\SD project\\Facility-Pro\\src\\components\\SignupPage.jsx","statementMap":{"0":{"start":{"line":9,"column":19},"end":{"line":174,"column":1}},"1":{"start":{"line":10,"column":19},"end":{"line":10,"column":32}},"2":{"start":{"line":11,"column":34},"end":{"line":16,"column":4}},"3":{"start":{"line":18,"column":28},"end":{"line":18,"column":42}},"4":{"start":{"line":20,"column":23},"end":{"line":22,"column":3}},"5":{"start":{"line":21,"column":4},"end":{"line":21,"column":66}},"6":{"start":{"line":24,"column":23},"end":{"line":56,"column":3}},"7":{"start":{"line":25,"column":4},"end":{"line":25,"column":23}},"8":{"start":{"line":26,"column":1},"end":{"line":26,"column":47}},"9":{"start":{"line":27,"column":2},"end":{"line":27,"column":15}},"10":{"start":{"line":30,"column":4},"end":{"line":33,"column":5}},"11":{"start":{"line":31,"column":6},"end":{"line":31,"column":45}},"12":{"start":{"line":32,"column":6},"end":{"line":32,"column":13}},"13":{"start":{"line":36,"column":4},"end":{"line":54,"column":9}},"14":{"start":{"line":39,"column":21},"end":{"line":39,"column":40}},"15":{"start":{"line":40,"column":8},"end":{"line":40,"column":45}},"16":{"start":{"line":41,"column":2},"end":{"line":41,"column":25}},"17":{"start":{"line":44,"column":8},"end":{"line":44,"column":50}},"18":{"start":{"line":45,"column":22},"end":{"line":45,"column":24}},"19":{"start":{"line":46,"column":8},"end":{"line":47,"column":60}},"20":{"start":{"line":47,"column":10},"end":{"line":47,"column":60}},"21":{"start":{"line":48,"column":8},"end":{"line":52,"column":9}},"22":{"start":{"line":49,"column":10},"end":{"line":49,"column":65}},"23":{"start":{"line":51,"column":10},"end":{"line":51,"column":36}},"24":{"start":{"line":53,"column":8},"end":{"line":53,"column":26}},"25":{"start":{"line":60,"column":6},"end":{"line":96,"column":7}},"26":{"start":{"line":61,"column":23},"end":{"line":61,"column":47}},"27":{"start":{"line":62,"column":21},"end":{"line":62,"column":32}},"28":{"start":{"line":63,"column":8},"end":{"line":63,"column":79}},"29":{"start":{"line":64,"column":22},"end":{"line":64,"column":45}},"30":{"start":{"line":65,"column":8},"end":{"line":65,"column":49}},"31":{"start":{"line":66,"column":25},"end":{"line":76,"column":3}},"32":{"start":{"line":77,"column":6},"end":{"line":77,"column":36}},"33":{"start":{"line":78,"column":20},"end":{"line":78,"column":28}},"34":{"start":{"line":79,"column":25},"end":{"line":79,"column":52}},"35":{"start":{"line":80,"column":8},"end":{"line":91,"column":9}},"36":{"start":{"line":81,"column":10},"end":{"line":81,"column":34}},"37":{"start":{"line":83,"column":13},"end":{"line":91,"column":9}},"38":{"start":{"line":84,"column":10},"end":{"line":84,"column":37}},"39":{"start":{"line":86,"column":13},"end":{"line":91,"column":9}},"40":{"start":{"line":87,"column":10},"end":{"line":87,"column":34}},"41":{"start":{"line":90,"column":10},"end":{"line":90,"column":24}},"42":{"start":{"line":95,"column":8},"end":{"line":95,"column":59}},"43":{"start":{"line":100,"column":2},"end":{"line":173,"column":4}}},"fnMap":{"0":{"name":"(anonymous_0)","decl":{"start":{"line":9,"column":19},"end":{"line":9,"column":20}},"loc":{"start":{"line":9,"column":25},"end":{"line":174,"column":1}},"line":9},"1":{"name":"(anonymous_1)","decl":{"start":{"line":20,"column":23},"end":{"line":20,"column":24}},"loc":{"start":{"line":20,"column":30},"end":{"line":22,"column":3}},"line":20},"2":{"name":"(anonymous_2)","decl":{"start":{"line":24,"column":23},"end":{"line":24,"column":24}},"loc":{"start":{"line":24,"column":30},"end":{"line":56,"column":3}},"line":24},"3":{"name":"(anonymous_3)","decl":{"start":{"line":37,"column":12},"end":{"line":37,"column":13}},"loc":{"start":{"line":37,"column":32},"end":{"line":42,"column":7}},"line":37},"4":{"name":"(anonymous_4)","decl":{"start":{"line":43,"column":13},"end":{"line":43,"column":14}},"loc":{"start":{"line":43,"column":24},"end":{"line":54,"column":7}},"line":43},"5":{"name":"handleSignUpWithGoogle","decl":{"start":{"line":58,"column":18},"end":{"line":58,"column":40}},"loc":{"start":{"line":58,"column":43},"end":{"line":98,"column":5}},"line":58}},"branchMap":{"0":{"loc":{"start":{"line":30,"column":4},"end":{"line":33,"column":5}},"type":"if","locations":[{"start":{"line":30,"column":4},"end":{"line":33,"column":5}},{"start":{},"end":{}}],"line":30},"1":{"loc":{"start":{"line":30,"column":8},"end":{"line":30,"column":45}},"type":"binary-expr","locations":[{"start":{"line":30,"column":8},"end":{"line":30,"column":23}},{"start":{"line":30,"column":27},"end":{"line":30,"column":45}}],"line":30},"2":{"loc":{"start":{"line":46,"column":8},"end":{"line":47,"column":60}},"type":"if","locations":[{"start":{"line":46,"column":8},"end":{"line":47,"column":60}},{"start":{},"end":{}}],"line":46},"3":{"loc":{"start":{"line":48,"column":8},"end":{"line":52,"column":9}},"type":"if","locations":[{"start":{"line":48,"column":8},"end":{"line":52,"column":9}},{"start":{"line":50,"column":14},"end":{"line":52,"column":9}}],"line":48},"4":{"loc":{"start":{"line":74,"column":21},"end":{"line":74,"column":49}},"type":"binary-expr","locations":[{"start":{"line":74,"column":21},"end":{"line":74,"column":35}},{"start":{"line":74,"column":39},"end":{"line":74,"column":49}}],"line":74},"5":{"loc":{"start":{"line":80,"column":8},"end":{"line":91,"column":9}},"type":"if","locations":[{"start":{"line":80,"column":8},"end":{"line":91,"column":9}},{"start":{"line":83,"column":13},"end":{"line":91,"column":9}}],"line":80},"6":{"loc":{"start":{"line":83,"column":13},"end":{"line":91,"column":9}},"type":"if","locations":[{"start":{"line":83,"column":13},"end":{"line":91,"column":9}},{"start":{"line":86,"column":13},"end":{"line":91,"column":9}}],"line":83},"7":{"loc":{"start":{"line":86,"column":13},"end":{"line":91,"column":9}},"type":"if","locations":[{"start":{"line":86,"column":13},"end":{"line":91,"column":9}},{"start":{"line":89,"column":12},"end":{"line":91,"column":9}}],"line":86},"8":{"loc":{"start":{"line":169,"column":11},"end":{"line":169,"column":52}},"type":"binary-expr","locations":[{"start":{"line":169,"column":11},"end":{"line":169,"column":16}},{"start":{"line":169,"column":20},"end":{"line":169,"column":52}}],"line":169}},"s":{"0":0,"1":0,"2":0,"3":0,"4":0,"5":0,"6":0,"7":0,"8":0,"9":0,"10":0,"11":0,"12":0,"13":0,"14":0,"15":0,"16":0,"17":0,"18":0,"19":0,"20":0,"21":0,"22":0,"23":0,"24":0,"25":0,"26":0,"27":0,"28":0,"29":0,"30":0,"31":0,"32":0,"33":0,"34":0,"35":0,"36":0,"37":0,"38":0,"39":0,"40":0,"41":0,"42":0,"43":0},"f":{"0":0,"1":0,"2":0,"3":0,"4":0,"5":0},"b":{"0":[0,0],"1":[0,0],"2":[0,0],"3":[0,0],"4":[0,0],"5":[0,0],"6":[0,0],"7":[0,0],"8":[0,0]}}
,"C:\\Users\\Phumla Lila\\SD project\\Facility-Pro\\src\\components\\visuals.jsx": {"path":"C:\\Users\\Phumla Lila\\SD project\\Facility-Pro\\src\\components\\visuals.jsx","statementMap":{"0":{"start":{"line":4,"column":26},"end":{"line":61,"column":1}},"1":{"start":{"line":5,"column":42},"end":{"line":5,"column":53}},"2":{"start":{"line":7,"column":23},"end":{"line":11,"column":3}},"3":{"start":{"line":8,"column":25},"end":{"line":8,"column":43}},"4":{"start":{"line":9,"column":21},"end":{"line":9,"column":76}},"5":{"start":{"line":10,"column":4},"end":{"line":10,"column":30}},"6":{"start":{"line":13,"column":19},"end":{"line":17,"column":3}},"7":{"start":{"line":14,"column":24},"end":{"line":14,"column":62}},"8":{"start":{"line":15,"column":21},"end":{"line":15,"column":55}},"9":{"start":{"line":16,"column":4},"end":{"line":16,"column":30}},"10":{"start":{"line":19,"column":2},"end":{"line":21,"column":3}},"11":{"start":{"line":20,"column":4},"end":{"line":20,"column":16}},"12":{"start":{"line":23,"column":2},"end":{"line":60,"column":4}},"13":{"start":{"line":51,"column":10},"end":{"line":56,"column":12}},"14":{"start":{"line":54,"column":27},"end":{"line":54,"column":49}}},"fnMap":{"0":{"name":"(anonymous_0)","decl":{"start":{"line":4,"column":26},"end":{"line":4,"column":27}},"loc":{"start":{"line":4,"column":46},"end":{"line":61,"column":1}},"line":4},"1":{"name":"(anonymous_1)","decl":{"start":{"line":7,"column":23},"end":{"line":7,"column":24}},"loc":{"start":{"line":7,"column":29},"end":{"line":11,"column":3}},"line":7},"2":{"name":"(anonymous_2)","decl":{"start":{"line":13,"column":19},"end":{"line":13,"column":20}},"loc":{"start":{"line":13,"column":25},"end":{"line":17,"column":3}},"line":13},"3":{"name":"(anonymous_3)","decl":{"start":{"line":50,"column":24},"end":{"line":50,"column":25}},"loc":{"start":{"line":51,"column":10},"end":{"line":56,"column":12}},"line":51},"4":{"name":"(anonymous_4)","decl":{"start":{"line":54,"column":21},"end":{"line":54,"column":22}},"loc":{"start":{"line":54,"column":27},"end":{"line":54,"column":49}},"line":54}},"branchMap":{"0":{"loc":{"start":{"line":9,"column":21},"end":{"line":9,"column":76}},"type":"cond-expr","locations":[{"start":{"line":9,"column":36},"end":{"line":9,"column":57}},{"start":{"line":9,"column":60},"end":{"line":9,"column":76}}],"line":9},"1":{"loc":{"start":{"line":15,"column":21},"end":{"line":15,"column":55}},"type":"cond-expr","locations":[{"start":{"line":15,"column":35},"end":{"line":15,"column":36}},{"start":{"line":15,"column":39},"end":{"line":15,"column":55}}],"line":15},"2":{"loc":{"start":{"line":19,"column":2},"end":{"line":21,"column":3}},"type":"if","locations":[{"start":{"line":19,"column":2},"end":{"line":21,"column":3}},{"start":{},"end":{}}],"line":19},"3":{"loc":{"start":{"line":19,"column":6},"end":{"line":19,"column":44}},"type":"binary-expr","locations":[{"start":{"line":19,"column":6},"end":{"line":19,"column":17}},{"start":{"line":19,"column":21},"end":{"line":19,"column":44}}],"line":19},"4":{"loc":{"start":{"line":53,"column":30},"end":{"line":53,"column":68}},"type":"cond-expr","locations":[{"start":{"line":53,"column":55},"end":{"line":53,"column":63}},{"start":{"line":53,"column":66},"end":{"line":53,"column":68}}],"line":53}},"s":{"0":0,"1":0,"2":0,"3":0,"4":0,"5":0,"6":0,"7":0,"8":0,"9":0,"10":0,"11":0,"12":0,"13":0,"14":0},"f":{"0":0,"1":0,"2":0,"3":0,"4":0},"b":{"0":[0,0],"1":[0,0],"2":[0,0],"3":[0,0],"4":[0,0]}}
,"C:\\Users\\Phumla Lila\\SD project\\Facility-Pro\\src\\components\\admin\\AdminDashboard.jsx": {"path":"C:\\Users\\Phumla Lila\\SD project\\Facility-Pro\\src\\components\\admin\\AdminDashboard.jsx","statementMap":{"0":{"start":{"line":7,"column":34},"end":{"line":7,"column":49}},"1":{"start":{"line":8,"column":16},"end":{"line":8,"column":49}},"2":{"start":{"line":9,"column":19},"end":{"line":9,"column":51}},"3":{"start":{"line":10,"column":26},"end":{"line":10,"column":55}},"4":{"start":{"line":11,"column":19},"end":{"line":11,"column":32}},"5":{"start":{"line":13,"column":21},"end":{"line":15,"column":3}},"6":{"start":{"line":14,"column":4},"end":{"line":14,"column":27}},"7":{"start":{"line":17,"column":25},"end":{"line":20,"column":3}},"8":{"start":{"line":18,"column":4},"end":{"line":18,"column":19}},"9":{"start":{"line":19,"column":4},"end":{"line":19,"column":23}},"10":{"start":{"line":22,"column":24},"end":{"line":26,"column":3}},"11":{"start":{"line":23,"column":4},"end":{"line":23,"column":41}},"12":{"start":{"line":24,"column":4},"end":{"line":24,"column":40}},"13":{"start":{"line":25,"column":4},"end":{"line":25,"column":18}},"14":{"start":{"line":28,"column":2},"end":{"line":30,"column":3}},"15":{"start":{"line":29,"column":4},"end":{"line":29,"column":39}},"16":{"start":{"line":32,"column":2},"end":{"line":89,"column":4}},"17":{"start":{"line":39,"column":37},"end":{"line":39,"column":56}},"18":{"start":{"line":60,"column":60},"end":{"line":60,"column":91}},"19":{"start":{"line":67,"column":61},"end":{"line":67,"column":87}},"20":{"start":{"line":74,"column":60},"end":{"line":74,"column":85}},"21":{"start":{"line":81,"column":62},"end":{"line":81,"column":89}}},"fnMap":{"0":{"name":"AdminDashboard","decl":{"start":{"line":6,"column":24},"end":{"line":6,"column":38}},"loc":{"start":{"line":6,"column":41},"end":{"line":90,"column":1}},"line":6},"1":{"name":"(anonymous_1)","decl":{"start":{"line":13,"column":21},"end":{"line":13,"column":22}},"loc":{"start":{"line":13,"column":27},"end":{"line":15,"column":3}},"line":13},"2":{"name":"(anonymous_2)","decl":{"start":{"line":17,"column":25},"end":{"line":17,"column":26}},"loc":{"start":{"line":17,"column":35},"end":{"line":20,"column":3}},"line":17},"3":{"name":"(anonymous_3)","decl":{"start":{"line":22,"column":24},"end":{"line":22,"column":25}},"loc":{"start":{"line":22,"column":30},"end":{"line":26,"column":3}},"line":22},"4":{"name":"(anonymous_4)","decl":{"start":{"line":39,"column":31},"end":{"line":39,"column":32}},"loc":{"start":{"line":39,"column":37},"end":{"line":39,"column":56}},"line":39},"5":{"name":"(anonymous_5)","decl":{"start":{"line":60,"column":54},"end":{"line":60,"column":55}},"loc":{"start":{"line":60,"column":60},"end":{"line":60,"column":91}},"line":60},"6":{"name":"(anonymous_6)","decl":{"start":{"line":67,"column":55},"end":{"line":67,"column":56}},"loc":{"start":{"line":67,"column":61},"end":{"line":67,"column":87}},"line":67},"7":{"name":"(anonymous_7)","decl":{"start":{"line":74,"column":54},"end":{"line":74,"column":55}},"loc":{"start":{"line":74,"column":60},"end":{"line":74,"column":85}},"line":74},"8":{"name":"(anonymous_8)","decl":{"start":{"line":81,"column":56},"end":{"line":81,"column":57}},"loc":{"start":{"line":81,"column":62},"end":{"line":81,"column":89}},"line":81}},"branchMap":{"0":{"loc":{"start":{"line":10,"column":26},"end":{"line":10,"column":55}},"type":"binary-expr","locations":[{"start":{"line":10,"column":26},"end":{"line":10,"column":31}},{"start":{"line":10,"column":35},"end":{"line":10,"column":55}}],"line":10},"1":{"loc":{"start":{"line":28,"column":2},"end":{"line":30,"column":3}},"type":"if","locations":[{"start":{"line":28,"column":2},"end":{"line":30,"column":3}},{"start":{},"end":{}}],"line":28},"2":{"loc":{"start":{"line":37,"column":11},"end":{"line":42,"column":11}},"type":"binary-expr","locations":[{"start":{"line":37,"column":11},"end":{"line":37,"column":19}},{"start":{"line":38,"column":12},"end":{"line":41,"column":18}}],"line":37}},"s":{"0":0,"1":0,"2":0,"3":0,"4":0,"5":0,"6":0,"7":0,"8":0,"9":0,"10":0,"11":0,"12":0,"13":0,"14":0,"15":0,"16":0,"17":0,"18":0,"19":0,"20":0,"21":0},"f":{"0":0,"1":0,"2":0,"3":0,"4":0,"5":0,"6":0,"7":0,"8":0},"b":{"0":[0,0],"1":[0,0],"2":[0,0]}}
,"C:\\Users\\Phumla Lila\\SD project\\Facility-Pro\\src\\components\\admin\\Bookings.jsx": {"path":"C:\\Users\\Phumla Lila\\SD project\\Facility-Pro\\src\\components\\admin\\Bookings.jsx","statementMap":{"0":{"start":{"line":9,"column":21},"end":{"line":354,"column":1}},"1":{"start":{"line":10,"column":34},"end":{"line":10,"column":46}},"2":{"start":{"line":11,"column":38},"end":{"line":11,"column":50}},"3":{"start":{"line":12,"column":38},"end":{"line":12,"column":53}},"4":{"start":{"line":13,"column":42},"end":{"line":13,"column":57}},"5":{"start":{"line":14,"column":36},"end":{"line":14,"column":50}},"6":{"start":{"line":15,"column":28},"end":{"line":15,"column":40}},"7":{"start":{"line":16,"column":40},"end":{"line":16,"column":54}},"8":{"start":{"line":17,"column":42},"end":{"line":17,"column":57}},"9":{"start":{"line":18,"column":40},"end":{"line":18,"column":51}},"10":{"start":{"line":19,"column":26},"end":{"line":19,"column":28}},"11":{"start":{"line":20,"column":19},"end":{"line":20,"column":32}},"12":{"start":{"line":22,"column":25},"end":{"line":24,"column":3}},"13":{"start":{"line":23,"column":4},"end":{"line":23,"column":19}},"14":{"start":{"line":28,"column":2},"end":{"line":57,"column":9}},"15":{"start":{"line":29,"column":24},"end":{"line":55,"column":5}},"16":{"start":{"line":30,"column":6},"end":{"line":54,"column":7}},"17":{"start":{"line":31,"column":29},"end":{"line":31,"column":50}},"18":{"start":{"line":34,"column":25},"end":{"line":34,"column":27}},"19":{"start":{"line":35,"column":8},"end":{"line":44,"column":10}},"20":{"start":{"line":37,"column":12},"end":{"line":42,"column":13}},"21":{"start":{"line":38,"column":31},"end":{"line":38,"column":62}},"22":{"start":{"line":39,"column":14},"end":{"line":41,"column":15}},"23":{"start":{"line":40,"column":16},"end":{"line":40,"column":52}},"24":{"start":{"line":46,"column":8},"end":{"line":48,"column":10}},"25":{"start":{"line":47,"column":38},"end":{"line":47,"column":73}},"26":{"start":{"line":49,"column":8},"end":{"line":49,"column":27}},"27":{"start":{"line":51,"column":8},"end":{"line":51,"column":57}},"28":{"start":{"line":53,"column":8},"end":{"line":53,"column":28}},"29":{"start":{"line":56,"column":4},"end":{"line":56,"column":18}},"30":{"start":{"line":62,"column":0},"end":{"line":67,"column":18}},"31":{"start":{"line":63,"column":19},"end":{"line":63,"column":70}},"32":{"start":{"line":64,"column":2},"end":{"line":66,"column":3}},"33":{"start":{"line":65,"column":4},"end":{"line":65,"column":68}},"34":{"start":{"line":69,"column":0},"end":{"line":71,"column":29}},"35":{"start":{"line":70,"column":2},"end":{"line":70,"column":20}},"36":{"start":{"line":75,"column":27},"end":{"line":85,"column":4}},"37":{"start":{"line":76,"column":17},"end":{"line":76,"column":38}},"38":{"start":{"line":77,"column":24},"end":{"line":77,"column":47}},"39":{"start":{"line":79,"column":6},"end":{"line":81,"column":53}},"40":{"start":{"line":82,"column":26},"end":{"line":82,"column":79}},"41":{"start":{"line":84,"column":4},"end":{"line":84,"column":42}},"42":{"start":{"line":87,"column":19},"end":{"line":87,"column":81}},"43":{"start":{"line":87,"column":64},"end":{"line":87,"column":78}},"44":{"start":{"line":88,"column":31},"end":{"line":90,"column":3}},"45":{"start":{"line":89,"column":4},"end":{"line":89,"column":35}},"46":{"start":{"line":94,"column":24},"end":{"line":97,"column":3}},"47":{"start":{"line":95,"column":4},"end":{"line":95,"column":28}},"48":{"start":{"line":101,"column":29},"end":{"line":130,"column":5}},"49":{"start":{"line":102,"column":4},"end":{"line":102,"column":29}},"50":{"start":{"line":102,"column":22},"end":{"line":102,"column":29}},"51":{"start":{"line":104,"column":4},"end":{"line":129,"column":7}},"52":{"start":{"line":105,"column":6},"end":{"line":108,"column":7}},"53":{"start":{"line":106,"column":8},"end":{"line":106,"column":84}},"54":{"start":{"line":107,"column":8},"end":{"line":107,"column":15}},"55":{"start":{"line":110,"column":8},"end":{"line":114,"column":9}},"56":{"start":{"line":111,"column":10},"end":{"line":113,"column":11}},"57":{"start":{"line":112,"column":12},"end":{"line":112,"column":79}},"58":{"start":{"line":116,"column":8},"end":{"line":116,"column":30}},"59":{"start":{"line":117,"column":28},"end":{"line":117,"column":77}},"60":{"start":{"line":119,"column":8},"end":{"line":123,"column":9}},"61":{"start":{"line":120,"column":10},"end":{"line":120,"column":62}},"62":{"start":{"line":122,"column":10},"end":{"line":122,"column":58}},"63":{"start":{"line":124,"column":8},"end":{"line":124,"column":29}},"64":{"start":{"line":126,"column":8},"end":{"line":126,"column":56}},"65":{"start":{"line":128,"column":8},"end":{"line":128,"column":31}},"66":{"start":{"line":134,"column":29},"end":{"line":134,"column":58}},"67":{"start":{"line":135,"column":30},"end":{"line":135,"column":66}},"68":{"start":{"line":136,"column":26},"end":{"line":136,"column":89}},"69":{"start":{"line":137,"column":21},"end":{"line":137,"column":73}},"70":{"start":{"line":140,"column":26},"end":{"line":148,"column":3}},"71":{"start":{"line":141,"column":4},"end":{"line":147,"column":15}},"72":{"start":{"line":142,"column":24},"end":{"line":142,"column":28}},"73":{"start":{"line":143,"column":22},"end":{"line":143,"column":30}},"74":{"start":{"line":144,"column":24},"end":{"line":144,"column":81}},"75":{"start":{"line":145,"column":22},"end":{"line":145,"column":73}},"76":{"start":{"line":146,"column":4},"end":{"line":146,"column":74}},"77":{"start":{"line":150,"column":2},"end":{"line":353,"column":4}},"78":{"start":{"line":160,"column":25},"end":{"line":160,"column":54}},"79":{"start":{"line":169,"column":65},"end":{"line":169,"column":83}},"80":{"start":{"line":177,"column":29},"end":{"line":177,"column":58}},"81":{"start":{"line":195,"column":16},"end":{"line":204,"column":21}},"82":{"start":{"line":199,"column":20},"end":{"line":199,"column":40}},"83":{"start":{"line":200,"column":20},"end":{"line":200,"column":43}},"84":{"start":{"line":242,"column":16},"end":{"line":274,"column":21}},"85":{"start":{"line":252,"column":39},"end":{"line":252,"column":61}},"86":{"start":{"line":287,"column":29},"end":{"line":287,"column":49}},"87":{"start":{"line":300,"column":31},"end":{"line":300,"column":74}},"88":{"start":{"line":308,"column":31},"end":{"line":308,"column":74}},"89":{"start":{"line":323,"column":27},"end":{"line":323,"column":74}},"90":{"start":{"line":323,"column":52},"end":{"line":323,"column":73}},"91":{"start":{"line":329,"column":12},"end":{"line":335,"column":17}},"92":{"start":{"line":331,"column":29},"end":{"line":331,"column":50}},"93":{"start":{"line":339,"column":29},"end":{"line":339,"column":85}},"94":{"start":{"line":339,"column":54},"end":{"line":339,"column":84}}},"fnMap":{"0":{"name":"(anonymous_0)","decl":{"start":{"line":9,"column":21},"end":{"line":9,"column":22}},"loc":{"start":{"line":9,"column":27},"end":{"line":354,"column":1}},"line":9},"1":{"name":"(anonymous_1)","decl":{"start":{"line":22,"column":25},"end":{"line":22,"column":26}},"loc":{"start":{"line":22,"column":35},"end":{"line":24,"column":3}},"line":22},"2":{"name":"(anonymous_2)","decl":{"start":{"line":28,"column":12},"end":{"line":28,"column":13}},"loc":{"start":{"line":28,"column":18},"end":{"line":57,"column":3}},"line":28},"3":{"name":"(anonymous_3)","decl":{"start":{"line":29,"column":24},"end":{"line":29,"column":25}},"loc":{"start":{"line":29,"column":36},"end":{"line":55,"column":5}},"line":29},"4":{"name":"(anonymous_4)","decl":{"start":{"line":36,"column":27},"end":{"line":36,"column":28}},"loc":{"start":{"line":36,"column":46},"end":{"line":43,"column":11}},"line":36},"5":{"name":"(anonymous_5)","decl":{"start":{"line":47,"column":28},"end":{"line":47,"column":29}},"loc":{"start":{"line":47,"column":38},"end":{"line":47,"column":73}},"line":47},"6":{"name":"(anonymous_6)","decl":{"start":{"line":62,"column":10},"end":{"line":62,"column":11}},"loc":{"start":{"line":62,"column":16},"end":{"line":67,"column":1}},"line":62},"7":{"name":"(anonymous_7)","decl":{"start":{"line":69,"column":10},"end":{"line":69,"column":11}},"loc":{"start":{"line":69,"column":16},"end":{"line":71,"column":1}},"line":69},"8":{"name":"(anonymous_8)","decl":{"start":{"line":75,"column":43},"end":{"line":75,"column":44}},"loc":{"start":{"line":75,"column":56},"end":{"line":85,"column":3}},"line":75},"9":{"name":"(anonymous_9)","decl":{"start":{"line":87,"column":51},"end":{"line":87,"column":52}},"loc":{"start":{"line":87,"column":64},"end":{"line":87,"column":78}},"line":87},"10":{"name":"(anonymous_10)","decl":{"start":{"line":88,"column":31},"end":{"line":88,"column":32}},"loc":{"start":{"line":88,"column":37},"end":{"line":90,"column":3}},"line":88},"11":{"name":"(anonymous_11)","decl":{"start":{"line":94,"column":24},"end":{"line":94,"column":25}},"loc":{"start":{"line":94,"column":37},"end":{"line":97,"column":3}},"line":94},"12":{"name":"(anonymous_12)","decl":{"start":{"line":101,"column":29},"end":{"line":101,"column":30}},"loc":{"start":{"line":101,"column":59},"end":{"line":130,"column":5}},"line":101},"13":{"name":"(anonymous_13)","decl":{"start":{"line":110,"column":20},"end":{"line":110,"column":21}},"loc":{"start":{"line":111,"column":10},"end":{"line":113,"column":11}},"line":111},"14":{"name":"(anonymous_14)","decl":{"start":{"line":111,"column":27},"end":{"line":111,"column":28}},"loc":{"start":{"line":112,"column":12},"end":{"line":112,"column":79}},"line":112},"15":{"name":"(anonymous_15)","decl":{"start":{"line":140,"column":26},"end":{"line":140,"column":27}},"loc":{"start":{"line":140,"column":37},"end":{"line":148,"column":3}},"line":140},"16":{"name":"(anonymous_16)","decl":{"start":{"line":141,"column":21},"end":{"line":141,"column":22}},"loc":{"start":{"line":141,"column":34},"end":{"line":147,"column":4}},"line":141},"17":{"name":"(anonymous_17)","decl":{"start":{"line":160,"column":19},"end":{"line":160,"column":20}},"loc":{"start":{"line":160,"column":25},"end":{"line":160,"column":54}},"line":160},"18":{"name":"(anonymous_18)","decl":{"start":{"line":169,"column":58},"end":{"line":169,"column":59}},"loc":{"start":{"line":169,"column":65},"end":{"line":169,"column":83}},"line":169},"19":{"name":"(anonymous_19)","decl":{"start":{"line":177,"column":22},"end":{"line":177,"column":23}},"loc":{"start":{"line":177,"column":29},"end":{"line":177,"column":58}},"line":177},"20":{"name":"(anonymous_20)","decl":{"start":{"line":194,"column":28},"end":{"line":194,"column":29}},"loc":{"start":{"line":195,"column":16},"end":{"line":204,"column":21}},"line":195},"21":{"name":"(anonymous_21)","decl":{"start":{"line":198,"column":27},"end":{"line":198,"column":28}},"loc":{"start":{"line":198,"column":33},"end":{"line":201,"column":19}},"line":198},"22":{"name":"(anonymous_22)","decl":{"start":{"line":241,"column":34},"end":{"line":241,"column":35}},"loc":{"start":{"line":242,"column":16},"end":{"line":274,"column":21}},"line":242},"23":{"name":"(anonymous_23)","decl":{"start":{"line":252,"column":33},"end":{"line":252,"column":34}},"loc":{"start":{"line":252,"column":39},"end":{"line":252,"column":61}},"line":252},"24":{"name":"(anonymous_24)","decl":{"start":{"line":287,"column":23},"end":{"line":287,"column":24}},"loc":{"start":{"line":287,"column":29},"end":{"line":287,"column":49}},"line":287},"25":{"name":"(anonymous_25)","decl":{"start":{"line":300,"column":25},"end":{"line":300,"column":26}},"loc":{"start":{"line":300,"column":31},"end":{"line":300,"column":74}},"line":300},"26":{"name":"(anonymous_26)","decl":{"start":{"line":308,"column":25},"end":{"line":308,"column":26}},"loc":{"start":{"line":308,"column":31},"end":{"line":308,"column":74}},"line":308},"27":{"name":"(anonymous_27)","decl":{"start":{"line":323,"column":21},"end":{"line":323,"column":22}},"loc":{"start":{"line":323,"column":27},"end":{"line":323,"column":74}},"line":323},"28":{"name":"(anonymous_28)","decl":{"start":{"line":323,"column":42},"end":{"line":323,"column":43}},"loc":{"start":{"line":323,"column":52},"end":{"line":323,"column":73}},"line":323},"29":{"name":"(anonymous_29)","decl":{"start":{"line":328,"column":46},"end":{"line":328,"column":47}},"loc":{"start":{"line":329,"column":12},"end":{"line":335,"column":17}},"line":329},"30":{"name":"(anonymous_30)","decl":{"start":{"line":331,"column":23},"end":{"line":331,"column":24}},"loc":{"start":{"line":331,"column":29},"end":{"line":331,"column":50}},"line":331},"31":{"name":"(anonymous_31)","decl":{"start":{"line":339,"column":23},"end":{"line":339,"column":24}},"loc":{"start":{"line":339,"column":29},"end":{"line":339,"column":85}},"line":339},"32":{"name":"(anonymous_32)","decl":{"start":{"line":339,"column":44},"end":{"line":339,"column":45}},"loc":{"start":{"line":339,"column":54},"end":{"line":339,"column":84}},"line":339}},"branchMap":{"0":{"loc":{"start":{"line":37,"column":12},"end":{"line":42,"column":13}},"type":"if","locations":[{"start":{"line":37,"column":12},"end":{"line":42,"column":13}},{"start":{},"end":{}}],"line":37},"1":{"loc":{"start":{"line":39,"column":14},"end":{"line":41,"column":15}},"type":"if","locations":[{"start":{"line":39,"column":14},"end":{"line":41,"column":15}},{"start":{},"end":{}}],"line":39},"2":{"loc":{"start":{"line":64,"column":2},"end":{"line":66,"column":3}},"type":"if","locations":[{"start":{"line":64,"column":2},"end":{"line":66,"column":3}},{"start":{},"end":{}}],"line":64},"3":{"loc":{"start":{"line":64,"column":6},"end":{"line":64,"column":63}},"type":"binary-expr","locations":[{"start":{"line":64,"column":6},"end":{"line":64,"column":14}},{"start":{"line":64,"column":18},"end":{"line":64,"column":63}}],"line":64},"4":{"loc":{"start":{"line":77,"column":24},"end":{"line":77,"column":47}},"type":"binary-expr","locations":[{"start":{"line":77,"column":24},"end":{"line":77,"column":41}},{"start":{"line":77,"column":45},"end":{"line":77,"column":47}}],"line":77},"5":{"loc":{"start":{"line":79,"column":6},"end":{"line":81,"column":53}},"type":"binary-expr","locations":[{"start":{"line":79,"column":6},"end":{"line":79,"column":66}},{"start":{"line":80,"column":6},"end":{"line":80,"column":74}},{"start":{"line":81,"column":6},"end":{"line":81,"column":53}}],"line":79},"6":{"loc":{"start":{"line":82,"column":26},"end":{"line":82,"column":79}},"type":"binary-expr","locations":[{"start":{"line":82,"column":26},"end":{"line":82,"column":46}},{"start":{"line":82,"column":50},"end":{"line":82,"column":79}}],"line":82},"7":{"loc":{"start":{"line":84,"column":11},"end":{"line":84,"column":41}},"type":"binary-expr","locations":[{"start":{"line":84,"column":11},"end":{"line":84,"column":24}},{"start":{"line":84,"column":28},"end":{"line":84,"column":41}}],"line":84},"8":{"loc":{"start":{"line":102,"column":4},"end":{"line":102,"column":29}},"type":"if","locations":[{"start":{"line":102,"column":4},"end":{"line":102,"column":29}},{"start":{},"end":{}}],"line":102},"9":{"loc":{"start":{"line":105,"column":6},"end":{"line":108,"column":7}},"type":"if","locations":[{"start":{"line":105,"column":6},"end":{"line":108,"column":7}},{"start":{},"end":{}}],"line":105},"10":{"loc":{"start":{"line":105,"column":10},"end":{"line":105,"column":72}},"type":"binary-expr","locations":[{"start":{"line":105,"column":10},"end":{"line":105,"column":39}},{"start":{"line":105,"column":43},"end":{"line":105,"column":72}}],"line":105},"11":{"loc":{"start":{"line":112,"column":12},"end":{"line":112,"column":79}},"type":"cond-expr","locations":[{"start":{"line":112,"column":48},"end":{"line":112,"column":75}},{"start":{"line":112,"column":78},"end":{"line":112,"column":79}}],"line":112},"12":{"loc":{"start":{"line":119,"column":8},"end":{"line":123,"column":9}},"type":"if","locations":[{"start":{"line":119,"column":8},"end":{"line":123,"column":9}},{"start":{"line":121,"column":15},"end":{"line":123,"column":9}}],"line":119},"13":{"loc":{"start":{"line":144,"column":24},"end":{"line":144,"column":81}},"type":"cond-expr","locations":[{"start":{"line":144,"column":41},"end":{"line":144,"column":62}},{"start":{"line":144,"column":65},"end":{"line":144,"column":81}}],"line":144},"14":{"loc":{"start":{"line":145,"column":22},"end":{"line":145,"column":73}},"type":"cond-expr","locations":[{"start":{"line":145,"column":37},"end":{"line":145,"column":56}},{"start":{"line":145,"column":59},"end":{"line":145,"column":73}}],"line":145},"15":{"loc":{"start":{"line":146,"column":39},"end":{"line":146,"column":71}},"type":"cond-expr","locations":[{"start":{"line":146,"column":62},"end":{"line":146,"column":66}},{"start":{"line":146,"column":69},"end":{"line":146,"column":71}}],"line":146},"16":{"loc":{"start":{"line":188,"column":13},"end":{"line":188,"column":65}},"type":"cond-expr","locations":[{"start":{"line":188,"column":36},"end":{"line":188,"column":52}},{"start":{"line":188,"column":55},"end":{"line":188,"column":65}}],"line":188},"17":{"loc":{"start":{"line":192,"column":11},"end":{"line":207,"column":11}},"type":"binary-expr","locations":[{"start":{"line":192,"column":11},"end":{"line":192,"column":23}},{"start":{"line":193,"column":12},"end":{"line":206,"column":17}}],"line":192},"18":{"loc":{"start":{"line":203,"column":19},"end":{"line":203,"column":57}},"type":"cond-expr","locations":[{"start":{"line":203,"column":36},"end":{"line":203,"column":50}},{"start":{"line":203,"column":53},"end":{"line":203,"column":57}}],"line":203},"19":{"loc":{"start":{"line":223,"column":13},"end":{"line":276,"column":13}},"type":"cond-expr","locations":[{"start":{"line":224,"column":12},"end":{"line":233,"column":17}},{"start":{"line":234,"column":16},"end":{"line":276,"column":13}}],"line":223},"20":{"loc":{"start":{"line":234,"column":16},"end":{"line":276,"column":13}},"type":"cond-expr","locations":[{"start":{"line":235,"column":14},"end":{"line":239,"column":19}},{"start":{"line":241,"column":14},"end":{"line":275,"column":16}}],"line":234},"21":{"loc":{"start":{"line":242,"column":25},"end":{"line":242,"column":64}},"type":"binary-expr","locations":[{"start":{"line":242,"column":25},"end":{"line":242,"column":42}},{"start":{"line":242,"column":46},"end":{"line":242,"column":64}}],"line":242},"22":{"loc":{"start":{"line":243,"column":23},"end":{"line":243,"column":75}},"type":"binary-expr","locations":[{"start":{"line":243,"column":23},"end":{"line":243,"column":57}},{"start":{"line":243,"column":61},"end":{"line":243,"column":75}}],"line":243},"23":{"loc":{"start":{"line":249,"column":21},"end":{"line":256,"column":21}},"type":"binary-expr","locations":[{"start":{"line":249,"column":21},"end":{"line":249,"column":49}},{"start":{"line":250,"column":22},"end":{"line":255,"column":31}}],"line":249},"24":{"loc":{"start":{"line":259,"column":21},"end":{"line":264,"column":21}},"type":"binary-expr","locations":[{"start":{"line":259,"column":21},"end":{"line":259,"column":50}},{"start":{"line":260,"column":22},"end":{"line":263,"column":31}}],"line":259},"25":{"loc":{"start":{"line":267,"column":21},"end":{"line":272,"column":21}},"type":"binary-expr","locations":[{"start":{"line":267,"column":21},"end":{"line":267,"column":50}},{"start":{"line":268,"column":22},"end":{"line":271,"column":31}}],"line":267},"26":{"loc":{"start":{"line":282,"column":7},"end":{"line":316,"column":7}},"type":"binary-expr","locations":[{"start":{"line":282,"column":7},"end":{"line":282,"column":18}},{"start":{"line":283,"column":8},"end":{"line":315,"column":18}}],"line":282},"27":{"loc":{"start":{"line":292,"column":22},"end":{"line":292,"column":82}},"type":"binary-expr","locations":[{"start":{"line":292,"column":22},"end":{"line":292,"column":60}},{"start":{"line":292,"column":64},"end":{"line":292,"column":82}}],"line":292},"28":{"loc":{"start":{"line":332,"column":25},"end":{"line":332,"column":67}},"type":"cond-expr","locations":[{"start":{"line":332,"column":49},"end":{"line":332,"column":62}},{"start":{"line":332,"column":65},"end":{"line":332,"column":67}}],"line":332}},"s":{"0":0,"1":0,"2":0,"3":0,"4":0,"5":0,"6":0,"7":0,"8":0,"9":0,"10":0,"11":0,"12":0,"13":0,"14":0,"15":0,"16":0,"17":0,"18":0,"19":0,"20":0,"21":0,"22":0,"23":0,"24":0,"25":0,"26":0,"27":0,"28":0,"29":0,"30":0,"31":0,"32":0,"33":0,"34":0,"35":0,"36":0,"37":0,"38":0,"39":0,"40":0,"41":0,"42":0,"43":0,"44":0,"45":0,"46":0,"47":0,"48":0,"49":0,"50":0,"51":0,"52":0,"53":0,"54":0,"55":0,"56":0,"57":0,"58":0,"59":0,"60":0,"61":0,"62":0,"63":0,"64":0,"65":0,"66":0,"67":0,"68":0,"69":0,"70":0,"71":0,"72":0,"73":0,"74":0,"75":0,"76":0,"77":0,"78":0,"79":0,"80":0,"81":0,"82":0,"83":0,"84":0,"85":0,"86":0,"87":0,"88":0,"89":0,"90":0,"91":0,"92":0,"93":0,"94":0},"f":{"0":0,"1":0,"2":0,"3":0,"4":0,"5":0,"6":0,"7":0,"8":0,"9":0,"10":0,"11":0,"12":0,"13":0,"14":0,"15":0,"16":0,"17":0,"18":0,"19":0,"20":0,"21":0,"22":0,"23":0,"24":0,"25":0,"26":0,"27":0,"28":0,"29":0,"30":0,"31":0,"32":0},"b":{"0":[0,0],"1":[0,0],"2":[0,0],"3":[0,0],"4":[0,0],"5":[0,0,0],"6":[0,0],"7":[0,0],"8":[0,0],"9":[0,0],"10":[0,0],"11":[0,0],"12":[0,0],"13":[0,0],"14":[0,0],"15":[0,0],"16":[0,0],"17":[0,0],"18":[0,0],"19":[0,0],"20":[0,0],"21":[0,0],"22":[0,0],"23":[0,0],"24":[0,0],"25":[0,0],"26":[0,0],"27":[0,0],"28":[0,0]}}
,"C:\\Users\\Phumla Lila\\SD project\\Facility-Pro\\src\\components\\admin\\CreateEvent.jsx": {"path":"C:\\Users\\Phumla Lila\\SD project\\Facility-Pro\\src\\components\\admin\\CreateEvent.jsx","statementMap":{"0":{"start":{"line":16,"column":21},"end":{"line":439,"column":1}},"1":{"start":{"line":17,"column":19},"end":{"line":17,"column":32}},"2":{"start":{"line":18,"column":34},"end":{"line":18,"column":49}},"3":{"start":{"line":19,"column":42},"end":{"line":19,"column":57}},"4":{"start":{"line":20,"column":42},"end":{"line":20,"column":54}},"5":{"start":{"line":21,"column":54},"end":{"line":21,"column":69}},"6":{"start":{"line":22,"column":46},"end":{"line":22,"column":61}},"7":{"start":{"line":24,"column":36},"end":{"line":34,"column":4}},"8":{"start":{"line":35,"column":21},"end":{"line":37,"column":3}},"9":{"start":{"line":36,"column":4},"end":{"line":36,"column":27}},"10":{"start":{"line":38,"column":25},"end":{"line":42,"column":3}},"11":{"start":{"line":39,"column":4},"end":{"line":39,"column":41}},"12":{"start":{"line":40,"column":4},"end":{"line":40,"column":40}},"13":{"start":{"line":41,"column":4},"end":{"line":41,"column":18}},"14":{"start":{"line":44,"column":19},"end":{"line":44,"column":47}},"15":{"start":{"line":45,"column":24},"end":{"line":49,"column":20}},"16":{"start":{"line":51,"column":23},"end":{"line":63,"column":3}},"17":{"start":{"line":52,"column":43},"end":{"line":52,"column":51}},"18":{"start":{"line":53,"column":4},"end":{"line":56,"column":7}},"19":{"start":{"line":59,"column":4},"end":{"line":62,"column":5}},"20":{"start":{"line":60,"column":6},"end":{"line":60,"column":26}},"21":{"start":{"line":61,"column":6},"end":{"line":61,"column":31}},"22":{"start":{"line":66,"column":24},"end":{"line":69,"column":3}},"23":{"start":{"line":67,"column":29},"end":{"line":67,"column":47}},"24":{"start":{"line":68,"column":4},"end":{"line":68,"column":52}},"25":{"start":{"line":72,"column":24},"end":{"line":76,"column":3}},"26":{"start":{"line":73,"column":16},"end":{"line":73,"column":26}},"27":{"start":{"line":74,"column":26},"end":{"line":74,"column":53}},"28":{"start":{"line":75,"column":4},"end":{"line":75,"column":31}},"29":{"start":{"line":79,"column":32},"end":{"line":116,"column":3}},"30":{"start":{"line":80,"column":19},"end":{"line":80,"column":21}},"31":{"start":{"line":83,"column":18},"end":{"line":83,"column":28}},"32":{"start":{"line":84,"column":22},"end":{"line":84,"column":36}},"33":{"start":{"line":85,"column":28},"end":{"line":85,"column":61}},"34":{"start":{"line":87,"column":4},"end":{"line":89,"column":5}},"35":{"start":{"line":88,"column":6},"end":{"line":88,"column":54}},"36":{"start":{"line":92,"column":4},"end":{"line":100,"column":5}},"37":{"start":{"line":93,"column":18},"end":{"line":93,"column":28}},"38":{"start":{"line":94,"column":26},"end":{"line":95,"column":69}},"39":{"start":{"line":97,"column":6},"end":{"line":99,"column":7}},"40":{"start":{"line":98,"column":8},"end":{"line":98,"column":62}},"41":{"start":{"line":103,"column":4},"end":{"line":113,"column":5}},"42":{"start":{"line":104,"column":6},"end":{"line":106,"column":7}},"43":{"start":{"line":105,"column":8},"end":{"line":105,"column":57}},"44":{"start":{"line":109,"column":30},"end":{"line":109,"column":79}},"45":{"start":{"line":110,"column":6},"end":{"line":112,"column":7}},"46":{"start":{"line":111,"column":8},"end":{"line":111,"column":62}},"47":{"start":{"line":115,"column":4},"end":{"line":115,"column":18}},"48":{"start":{"line":119,"column":26},"end":{"line":161,"column":3}},"49":{"start":{"line":120,"column":15},"end":{"line":120,"column":32}},"50":{"start":{"line":123,"column":22},"end":{"line":123,"column":46}},"51":{"start":{"line":124,"column":14},"end":{"line":129,"column":5}},"52":{"start":{"line":131,"column":26},"end":{"line":131,"column":42}},"53":{"start":{"line":134,"column":25},"end":{"line":134,"column":58}},"54":{"start":{"line":135,"column":23},"end":{"line":135,"column":54}},"55":{"start":{"line":138,"column":4},"end":{"line":156,"column":5}},"56":{"start":{"line":139,"column":28},"end":{"line":139,"column":38}},"57":{"start":{"line":142,"column":32},"end":{"line":142,"column":70}},"58":{"start":{"line":143,"column":30},"end":{"line":143,"column":66}},"59":{"start":{"line":146,"column":6},"end":{"line":155,"column":7}},"60":{"start":{"line":151,"column":8},"end":{"line":154,"column":10}},"61":{"start":{"line":158,"column":4},"end":{"line":160,"column":6}},"62":{"start":{"line":163,"column":23},"end":{"line":254,"column":3}},"63":{"start":{"line":164,"column":4},"end":{"line":164,"column":23}},"64":{"start":{"line":165,"column":4},"end":{"line":165,"column":26}},"65":{"start":{"line":166,"column":4},"end":{"line":166,"column":24}},"66":{"start":{"line":168,"column":4},"end":{"line":253,"column":5}},"67":{"start":{"line":170,"column":29},"end":{"line":170,"column":106}},"68":{"start":{"line":171,"column":6},"end":{"line":176,"column":7}},"69":{"start":{"line":172,"column":8},"end":{"line":172,"column":51}},"70":{"start":{"line":173,"column":8},"end":{"line":173,"column":32}},"71":{"start":{"line":174,"column":8},"end":{"line":174,"column":31}},"72":{"start":{"line":175,"column":8},"end":{"line":175,"column":15}},"73":{"start":{"line":179,"column":6},"end":{"line":184,"column":7}},"74":{"start":{"line":180,"column":8},"end":{"line":180,"column":71}},"75":{"start":{"line":181,"column":8},"end":{"line":181,"column":32}},"76":{"start":{"line":182,"column":8},"end":{"line":182,"column":31}},"77":{"start":{"line":183,"column":8},"end":{"line":183,"column":15}},"78":{"start":{"line":187,"column":6},"end":{"line":192,"column":7}},"79":{"start":{"line":188,"column":8},"end":{"line":188,"column":67}},"80":{"start":{"line":189,"column":8},"end":{"line":189,"column":32}},"81":{"start":{"line":190,"column":8},"end":{"line":190,"column":31}},"82":{"start":{"line":191,"column":8},"end":{"line":191,"column":15}},"83":{"start":{"line":195,"column":27},"end":{"line":195,"column":59}},"84":{"start":{"line":197,"column":6},"end":{"line":202,"column":7}},"85":{"start":{"line":198,"column":8},"end":{"line":198,"column":217}},"86":{"start":{"line":199,"column":8},"end":{"line":199,"column":32}},"87":{"start":{"line":200,"column":8},"end":{"line":200,"column":31}},"88":{"start":{"line":201,"column":8},"end":{"line":201,"column":15}},"89":{"start":{"line":205,"column":17},"end":{"line":205,"column":34}},"90":{"start":{"line":208,"column":23},"end":{"line":215,"column":8}},"91":{"start":{"line":218,"column":6},"end":{"line":228,"column":9}},"92":{"start":{"line":230,"column":6},"end":{"line":230,"column":34}},"93":{"start":{"line":232,"column":6},"end":{"line":232,"column":52}},"94":{"start":{"line":235,"column":6},"end":{"line":249,"column":7}},"95":{"start":{"line":236,"column":8},"end":{"line":236,"column":88}},"96":{"start":{"line":237,"column":13},"end":{"line":249,"column":7}},"97":{"start":{"line":238,"column":8},"end":{"line":238,"column":94}},"98":{"start":{"line":239,"column":13},"end":{"line":249,"column":7}},"99":{"start":{"line":240,"column":8},"end":{"line":240,"column":99}},"100":{"start":{"line":241,"column":13},"end":{"line":249,"column":7}},"101":{"start":{"line":242,"column":8},"end":{"line":242,"column":99}},"102":{"start":{"line":243,"column":13},"end":{"line":249,"column":7}},"103":{"start":{"line":244,"column":8},"end":{"line":244,"column":103}},"104":{"start":{"line":245,"column":13},"end":{"line":249,"column":7}},"105":{"start":{"line":246,"column":8},"end":{"line":246,"column":73}},"106":{"start":{"line":248,"column":8},"end":{"line":248,"column":68}},"107":{"start":{"line":250,"column":6},"end":{"line":250,"column":30}},"108":{"start":{"line":252,"column":6},"end":{"line":252,"column":29}},"109":{"start":{"line":257,"column":16},"end":{"line":257,"column":54}},"110":{"start":{"line":259,"column":2},"end":{"line":438,"column":4}},"111":{"start":{"line":397,"column":18},"end":{"line":397,"column":43}},"112":{"start":{"line":398,"column":18},"end":{"line":398,"column":38}},"113":{"start":{"line":419,"column":18},"end":{"line":419,"column":47}},"114":{"start":{"line":420,"column":18},"end":{"line":420,"column":42}},"115":{"start":{"line":428,"column":18},"end":{"line":428,"column":47}}},"fnMap":{"0":{"name":"(anonymous_0)","decl":{"start":{"line":16,"column":21},"end":{"line":16,"column":22}},"loc":{"start":{"line":16,"column":27},"end":{"line":439,"column":1}},"line":16},"1":{"name":"(anonymous_1)","decl":{"start":{"line":35,"column":21},"end":{"line":35,"column":22}},"loc":{"start":{"line":35,"column":27},"end":{"line":37,"column":3}},"line":35},"2":{"name":"(anonymous_2)","decl":{"start":{"line":38,"column":25},"end":{"line":38,"column":26}},"loc":{"start":{"line":38,"column":31},"end":{"line":42,"column":3}},"line":38},"3":{"name":"(anonymous_3)","decl":{"start":{"line":51,"column":23},"end":{"line":51,"column":24}},"loc":{"start":{"line":51,"column":30},"end":{"line":63,"column":3}},"line":51},"4":{"name":"(anonymous_4)","decl":{"start":{"line":66,"column":24},"end":{"line":66,"column":25}},"loc":{"start":{"line":66,"column":37},"end":{"line":69,"column":3}},"line":66},"5":{"name":"(anonymous_5)","decl":{"start":{"line":72,"column":24},"end":{"line":72,"column":25}},"loc":{"start":{"line":72,"column":40},"end":{"line":76,"column":3}},"line":72},"6":{"name":"(anonymous_6)","decl":{"start":{"line":79,"column":32},"end":{"line":79,"column":33}},"loc":{"start":{"line":79,"column":62},"end":{"line":116,"column":3}},"line":79},"7":{"name":"(anonymous_7)","decl":{"start":{"line":119,"column":26},"end":{"line":119,"column":27}},"loc":{"start":{"line":119,"column":46},"end":{"line":161,"column":3}},"line":119},"8":{"name":"(anonymous_8)","decl":{"start":{"line":163,"column":23},"end":{"line":163,"column":24}},"loc":{"start":{"line":163,"column":36},"end":{"line":254,"column":3}},"line":163},"9":{"name":"(anonymous_9)","decl":{"start":{"line":396,"column":25},"end":{"line":396,"column":26}},"loc":{"start":{"line":396,"column":31},"end":{"line":399,"column":17}},"line":396},"10":{"name":"(anonymous_10)","decl":{"start":{"line":418,"column":25},"end":{"line":418,"column":26}},"loc":{"start":{"line":418,"column":31},"end":{"line":421,"column":17}},"line":418},"11":{"name":"(anonymous_11)","decl":{"start":{"line":427,"column":25},"end":{"line":427,"column":26}},"loc":{"start":{"line":427,"column":31},"end":{"line":429,"column":17}},"line":427}},"branchMap":{"0":{"loc":{"start":{"line":45,"column":24},"end":{"line":49,"column":20}},"type":"binary-expr","locations":[{"start":{"line":45,"column":24},"end":{"line":49,"column":13}},{"start":{"line":49,"column":17},"end":{"line":49,"column":20}}],"line":45},"1":{"loc":{"start":{"line":55,"column":14},"end":{"line":55,"column":51}},"type":"cond-expr","locations":[{"start":{"line":55,"column":36},"end":{"line":55,"column":43}},{"start":{"line":55,"column":46},"end":{"line":55,"column":51}}],"line":55},"2":{"loc":{"start":{"line":59,"column":4},"end":{"line":62,"column":5}},"type":"if","locations":[{"start":{"line":59,"column":4},"end":{"line":62,"column":5}},{"start":{},"end":{}}],"line":59},"3":{"loc":{"start":{"line":87,"column":4},"end":{"line":89,"column":5}},"type":"if","locations":[{"start":{"line":87,"column":4},"end":{"line":89,"column":5}},{"start":{},"end":{}}],"line":87},"4":{"loc":{"start":{"line":92,"column":4},"end":{"line":100,"column":5}},"type":"if","locations":[{"start":{"line":92,"column":4},"end":{"line":100,"column":5}},{"start":{},"end":{}}],"line":92},"5":{"loc":{"start":{"line":92,"column":8},"end":{"line":92,"column":45}},"type":"binary-expr","locations":[{"start":{"line":92,"column":8},"end":{"line":92,"column":32}},{"start":{"line":92,"column":36},"end":{"line":92,"column":45}}],"line":92},"6":{"loc":{"start":{"line":97,"column":6},"end":{"line":99,"column":7}},"type":"if","locations":[{"start":{"line":97,"column":6},"end":{"line":99,"column":7}},{"start":{},"end":{}}],"line":97},"7":{"loc":{"start":{"line":103,"column":4},"end":{"line":113,"column":5}},"type":"if","locations":[{"start":{"line":103,"column":4},"end":{"line":113,"column":5}},{"start":{},"end":{}}],"line":103},"8":{"loc":{"start":{"line":103,"column":8},"end":{"line":103,"column":28}},"type":"binary-expr","locations":[{"start":{"line":103,"column":8},"end":{"line":103,"column":17}},{"start":{"line":103,"column":21},"end":{"line":103,"column":28}}],"line":103},"9":{"loc":{"start":{"line":104,"column":6},"end":{"line":106,"column":7}},"type":"if","locations":[{"start":{"line":104,"column":6},"end":{"line":106,"column":7}},{"start":{},"end":{}}],"line":104},"10":{"loc":{"start":{"line":110,"column":6},"end":{"line":112,"column":7}},"type":"if","locations":[{"start":{"line":110,"column":6},"end":{"line":112,"column":7}},{"start":{},"end":{}}],"line":110},"11":{"loc":{"start":{"line":146,"column":6},"end":{"line":155,"column":7}},"type":"if","locations":[{"start":{"line":146,"column":6},"end":{"line":155,"column":7}},{"start":{},"end":{}}],"line":146},"12":{"loc":{"start":{"line":147,"column":8},"end":{"line":149,"column":76}},"type":"binary-expr","locations":[{"start":{"line":147,"column":9},"end":{"line":147,"column":42}},{"start":{"line":147,"column":46},"end":{"line":147,"column":76}},{"start":{"line":148,"column":9},"end":{"line":148,"column":39}},{"start":{"line":148,"column":43},"end":{"line":148,"column":72}},{"start":{"line":149,"column":9},"end":{"line":149,"column":42}},{"start":{"line":149,"column":46},"end":{"line":149,"column":75}}],"line":147},"13":{"loc":{"start":{"line":171,"column":6},"end":{"line":176,"column":7}},"type":"if","locations":[{"start":{"line":171,"column":6},"end":{"line":176,"column":7}},{"start":{},"end":{}}],"line":171},"14":{"loc":{"start":{"line":179,"column":6},"end":{"line":184,"column":7}},"type":"if","locations":[{"start":{"line":179,"column":6},"end":{"line":184,"column":7}},{"start":{},"end":{}}],"line":179},"15":{"loc":{"start":{"line":187,"column":6},"end":{"line":192,"column":7}},"type":"if","locations":[{"start":{"line":187,"column":6},"end":{"line":192,"column":7}},{"start":{},"end":{}}],"line":187},"16":{"loc":{"start":{"line":197,"column":6},"end":{"line":202,"column":7}},"type":"if","locations":[{"start":{"line":197,"column":6},"end":{"line":202,"column":7}},{"start":{},"end":{}}],"line":197},"17":{"loc":{"start":{"line":212,"column":19},"end":{"line":212,"column":62}},"type":"binary-expr","locations":[{"start":{"line":212,"column":19},"end":{"line":212,"column":49}},{"start":{"line":212,"column":53},"end":{"line":212,"column":62}}],"line":212},"18":{"loc":{"start":{"line":235,"column":6},"end":{"line":249,"column":7}},"type":"if","locations":[{"start":{"line":235,"column":6},"end":{"line":249,"column":7}},{"start":{"line":237,"column":13},"end":{"line":249,"column":7}}],"line":235},"19":{"loc":{"start":{"line":237,"column":13},"end":{"line":249,"column":7}},"type":"if","locations":[{"start":{"line":237,"column":13},"end":{"line":249,"column":7}},{"start":{"line":239,"column":13},"end":{"line":249,"column":7}}],"line":237},"20":{"loc":{"start":{"line":239,"column":13},"end":{"line":249,"column":7}},"type":"if","locations":[{"start":{"line":239,"column":13},"end":{"line":249,"column":7}},{"start":{"line":241,"column":13},"end":{"line":249,"column":7}}],"line":239},"21":{"loc":{"start":{"line":241,"column":13},"end":{"line":249,"column":7}},"type":"if","locations":[{"start":{"line":241,"column":13},"end":{"line":249,"column":7}},{"start":{"line":243,"column":13},"end":{"line":249,"column":7}}],"line":241},"22":{"loc":{"start":{"line":243,"column":13},"end":{"line":249,"column":7}},"type":"if","locations":[{"start":{"line":243,"column":13},"end":{"line":249,"column":7}},{"start":{"line":245,"column":13},"end":{"line":249,"column":7}}],"line":243},"23":{"loc":{"start":{"line":245,"column":13},"end":{"line":249,"column":7}},"type":"if","locations":[{"start":{"line":245,"column":13},"end":{"line":249,"column":7}},{"start":{"line":247,"column":13},"end":{"line":249,"column":7}}],"line":245},"24":{"loc":{"start":{"line":277,"column":11},"end":{"line":277,"column":93}},"type":"binary-expr","locations":[{"start":{"line":277,"column":11},"end":{"line":277,"column":23}},{"start":{"line":277,"column":27},"end":{"line":277,"column":42}},{"start":{"line":277,"column":46},"end":{"line":277,"column":93}}],"line":277},"25":{"loc":{"start":{"line":382,"column":13},"end":{"line":382,"column":58}},"type":"cond-expr","locations":[{"start":{"line":382,"column":28},"end":{"line":382,"column":41}},{"start":{"line":382,"column":44},"end":{"line":382,"column":58}}],"line":382},"26":{"loc":{"start":{"line":388,"column":7},"end":{"line":406,"column":7}},"type":"binary-expr","locations":[{"start":{"line":388,"column":7},"end":{"line":388,"column":21}},{"start":{"line":389,"column":8},"end":{"line":405,"column":17}}],"line":388},"27":{"loc":{"start":{"line":410,"column":7},"end":{"line":436,"column":7}},"type":"binary-expr","locations":[{"start":{"line":410,"column":7},"end":{"line":410,"column":25}},{"start":{"line":411,"column":8},"end":{"line":435,"column":17}}],"line":410}},"s":{"0":0,"1":0,"2":0,"3":0,"4":0,"5":0,"6":0,"7":0,"8":0,"9":0,"10":0,"11":0,"12":0,"13":0,"14":0,"15":0,"16":0,"17":0,"18":0,"19":0,"20":0,"21":0,"22":0,"23":0,"24":0,"25":0,"26":0,"27":0,"28":0,"29":0,"30":0,"31":0,"32":0,"33":0,"34":0,"35":0,"36":0,"37":0,"38":0,"39":0,"40":0,"41":0,"42":0,"43":0,"44":0,"45":0,"46":0,"47":0,"48":0,"49":0,"50":0,"51":0,"52":0,"53":0,"54":0,"55":0,"56":0,"57":0,"58":0,"59":0,"60":0,"61":0,"62":0,"63":0,"64":0,"65":0,"66":0,"67":0,"68":0,"69":0,"70":0,"71":0,"72":0,"73":0,"74":0,"75":0,"76":0,"77":0,"78":0,"79":0,"80":0,"81":0,"82":0,"83":0,"84":0,"85":0,"86":0,"87":0,"88":0,"89":0,"90":0,"91":0,"92":0,"93":0,"94":0,"95":0,"96":0,"97":0,"98":0,"99":0,"100":0,"101":0,"102":0,"103":0,"104":0,"105":0,"106":0,"107":0,"108":0,"109":0,"110":0,"111":0,"112":0,"113":0,"114":0,"115":0},"f":{"0":0,"1":0,"2":0,"3":0,"4":0,"5":0,"6":0,"7":0,"8":0,"9":0,"10":0,"11":0},"b":{"0":[0,0],"1":[0,0],"2":[0,0],"3":[0,0],"4":[0,0],"5":[0,0],"6":[0,0],"7":[0,0],"8":[0,0],"9":[0,0],"10":[0,0],"11":[0,0],"12":[0,0,0,0,0,0],"13":[0,0],"14":[0,0],"15":[0,0],"16":[0,0],"17":[0,0],"18":[0,0],"19":[0,0],"20":[0,0],"21":[0,0],"22":[0,0],"23":[0,0],"24":[0,0,0],"25":[0,0],"26":[0,0],"27":[0,0]}}
,"C:\\Users\\Phumla Lila\\SD project\\Facility-Pro\\src\\components\\admin\\CustomView.jsx": {"path":"C:\\Users\\Phumla Lila\\SD project\\Facility-Pro\\src\\components\\admin\\CustomView.jsx","statementMap":{"0":{"start":{"line":18,"column":19},"end":{"line":1057,"column":1}},"1":{"start":{"line":19,"column":34},"end":{"line":19,"column":49}},"2":{"start":{"line":20,"column":34},"end":{"line":20,"column":46}},"3":{"start":{"line":21,"column":30},"end":{"line":21,"column":42}},"4":{"start":{"line":22,"column":30},"end":{"line":22,"column":42}},"5":{"start":{"line":23,"column":36},"end":{"line":23,"column":50}},"6":{"start":{"line":24,"column":36},"end":{"line":24,"column":56}},"7":{"start":{"line":25,"column":36},"end":{"line":25,"column":51}},"8":{"start":{"line":26,"column":34},"end":{"line":26,"column":50}},"9":{"start":{"line":27,"column":36},"end":{"line":27,"column":51}},"10":{"start":{"line":28,"column":19},"end":{"line":28,"column":32}},"11":{"start":{"line":30,"column":25},"end":{"line":32,"column":3}},"12":{"start":{"line":31,"column":4},"end":{"line":31,"column":19}},"13":{"start":{"line":34,"column":21},"end":{"line":36,"column":3}},"14":{"start":{"line":35,"column":4},"end":{"line":35,"column":27}},"15":{"start":{"line":37,"column":25},"end":{"line":41,"column":3}},"16":{"start":{"line":38,"column":4},"end":{"line":38,"column":41}},"17":{"start":{"line":39,"column":4},"end":{"line":39,"column":40}},"18":{"start":{"line":40,"column":4},"end":{"line":40,"column":18}},"19":{"start":{"line":43,"column":36},"end":{"line":43,"column":48}},"20":{"start":{"line":44,"column":32},"end":{"line":44,"column":44}},"21":{"start":{"line":45,"column":50},"end":{"line":45,"column":65}},"22":{"start":{"line":48,"column":50},"end":{"line":48,"column":65}},"23":{"start":{"line":49,"column":44},"end":{"line":49,"column":56}},"24":{"start":{"line":50,"column":48},"end":{"line":50,"column":60}},"25":{"start":{"line":51,"column":48},"end":{"line":51,"column":60}},"26":{"start":{"line":54,"column":50},"end":{"line":54,"column":65}},"27":{"start":{"line":55,"column":46},"end":{"line":55,"column":60}},"28":{"start":{"line":56,"column":42},"end":{"line":56,"column":56}},"29":{"start":{"line":57,"column":42},"end":{"line":57,"column":56}},"30":{"start":{"line":60,"column":52},"end":{"line":60,"column":64}},"31":{"start":{"line":61,"column":56},"end":{"line":61,"column":68}},"32":{"start":{"line":62,"column":56},"end":{"line":62,"column":68}},"33":{"start":{"line":65,"column":17},"end":{"line":65,"column":83}},"34":{"start":{"line":67,"column":2},"end":{"line":114,"column":9}},"35":{"start":{"line":68,"column":21},"end":{"line":111,"column":5}},"36":{"start":{"line":69,"column":6},"end":{"line":69,"column":25}},"37":{"start":{"line":70,"column":6},"end":{"line":110,"column":7}},"38":{"start":{"line":71,"column":55},"end":{"line":75,"column":10}},"39":{"start":{"line":77,"column":8},"end":{"line":77,"column":34}},"40":{"start":{"line":78,"column":8},"end":{"line":78,"column":30}},"41":{"start":{"line":79,"column":8},"end":{"line":79,"column":30}},"42":{"start":{"line":82,"column":25},"end":{"line":82,"column":34}},"43":{"start":{"line":83,"column":27},"end":{"line":83,"column":36}},"44":{"start":{"line":84,"column":27},"end":{"line":84,"column":36}},"45":{"start":{"line":86,"column":8},"end":{"line":89,"column":11}},"46":{"start":{"line":87,"column":10},"end":{"line":87,"column":59}},"47":{"start":{"line":87,"column":30},"end":{"line":87,"column":59}},"48":{"start":{"line":88,"column":10},"end":{"line":88,"column":69}},"49":{"start":{"line":88,"column":34},"end":{"line":88,"column":69}},"50":{"start":{"line":91,"column":8},"end":{"line":94,"column":11}},"51":{"start":{"line":92,"column":10},"end":{"line":92,"column":55}},"52":{"start":{"line":92,"column":28},"end":{"line":92,"column":55}},"53":{"start":{"line":93,"column":10},"end":{"line":93,"column":61}},"54":{"start":{"line":93,"column":30},"end":{"line":93,"column":61}},"55":{"start":{"line":96,"column":8},"end":{"line":100,"column":11}},"56":{"start":{"line":97,"column":10},"end":{"line":97,"column":55}},"57":{"start":{"line":97,"column":28},"end":{"line":97,"column":55}},"58":{"start":{"line":98,"column":10},"end":{"line":98,"column":65}},"59":{"start":{"line":98,"column":32},"end":{"line":98,"column":65}},"60":{"start":{"line":99,"column":10},"end":{"line":99,"column":61}},"61":{"start":{"line":99,"column":30},"end":{"line":99,"column":61}},"62":{"start":{"line":102,"column":8},"end":{"line":102,"column":51}},"63":{"start":{"line":103,"column":8},"end":{"line":103,"column":55}},"64":{"start":{"line":104,"column":8},"end":{"line":104,"column":55}},"65":{"start":{"line":107,"column":8},"end":{"line":107,"column":59}},"66":{"start":{"line":109,"column":8},"end":{"line":109,"column":28}},"67":{"start":{"line":113,"column":4},"end":{"line":113,"column":15}},"68":{"start":{"line":117,"column":30},"end":{"line":128,"column":3}},"69":{"start":{"line":118,"column":25},"end":{"line":118,"column":27}},"70":{"start":{"line":119,"column":4},"end":{"line":122,"column":7}},"71":{"start":{"line":120,"column":21},"end":{"line":120,"column":48}},"72":{"start":{"line":121,"column":6},"end":{"line":121,"column":61}},"73":{"start":{"line":124,"column":4},"end":{"line":127,"column":8}},"74":{"start":{"line":124,"column":52},"end":{"line":127,"column":5}},"75":{"start":{"line":130,"column":28},"end":{"line":143,"column":3}},"76":{"start":{"line":131,"column":26},"end":{"line":131,"column":28}},"77":{"start":{"line":132,"column":4},"end":{"line":137,"column":7}},"78":{"start":{"line":133,"column":6},"end":{"line":136,"column":7}},"79":{"start":{"line":134,"column":22},"end":{"line":134,"column":88}},"80":{"start":{"line":135,"column":8},"end":{"line":135,"column":63}},"81":{"start":{"line":139,"column":4},"end":{"line":142,"column":8}},"82":{"start":{"line":139,"column":52},"end":{"line":142,"column":5}},"83":{"start":{"line":145,"column":29},"end":{"line":156,"column":3}},"84":{"start":{"line":146,"column":27},"end":{"line":146,"column":29}},"85":{"start":{"line":147,"column":4},"end":{"line":150,"column":7}},"86":{"start":{"line":148,"column":23},"end":{"line":148,"column":49}},"87":{"start":{"line":149,"column":6},"end":{"line":149,"column":69}},"88":{"start":{"line":152,"column":4},"end":{"line":155,"column":8}},"89":{"start":{"line":152,"column":56},"end":{"line":155,"column":5}},"90":{"start":{"line":158,"column":23},"end":{"line":165,"column":3}},"91":{"start":{"line":159,"column":4},"end":{"line":164,"column":5}},"92":{"start":{"line":160,"column":23},"end":{"line":160,"column":52}},"93":{"start":{"line":161,"column":21},"end":{"line":161,"column":48}},"94":{"start":{"line":162,"column":21},"end":{"line":162,"column":49}},"95":{"start":{"line":163,"column":15},"end":{"line":163,"column":25}},"96":{"start":{"line":167,"column":25},"end":{"line":174,"column":3}},"97":{"start":{"line":168,"column":4},"end":{"line":173,"column":5}},"98":{"start":{"line":169,"column":24},"end":{"line":169,"column":61}},"99":{"start":{"line":170,"column":22},"end":{"line":170,"column":61}},"100":{"start":{"line":171,"column":24},"end":{"line":171,"column":57}},"101":{"start":{"line":172,"column":15},"end":{"line":172,"column":50}},"102":{"start":{"line":176,"column":21},"end":{"line":179,"column":3}},"103":{"start":{"line":177,"column":4},"end":{"line":177,"column":32}},"104":{"start":{"line":177,"column":21},"end":{"line":177,"column":32}},"105":{"start":{"line":178,"column":4},"end":{"line":178,"column":53}},"106":{"start":{"line":182,"column":23},"end":{"line":212,"column":3}},"107":{"start":{"line":183,"column":4},"end":{"line":183,"column":23}},"108":{"start":{"line":184,"column":4},"end":{"line":211,"column":5}},"109":{"start":{"line":186,"column":27},"end":{"line":186,"column":29}},"110":{"start":{"line":188,"column":6},"end":{"line":188,"column":67}},"111":{"start":{"line":188,"column":26},"end":{"line":188,"column":67}},"112":{"start":{"line":189,"column":6},"end":{"line":189,"column":61}},"113":{"start":{"line":189,"column":24},"end":{"line":189,"column":61}},"114":{"start":{"line":190,"column":6},"end":{"line":190,"column":61}},"115":{"start":{"line":190,"column":24},"end":{"line":190,"column":61}},"116":{"start":{"line":193,"column":28},"end":{"line":193,"column":30}},"117":{"start":{"line":194,"column":6},"end":{"line":194,"column":57}},"118":{"start":{"line":194,"column":26},"end":{"line":194,"column":57}},"119":{"start":{"line":195,"column":6},"end":{"line":195,"column":53}},"120":{"start":{"line":195,"column":24},"end":{"line":195,"column":53}},"121":{"start":{"line":196,"column":6},"end":{"line":196,"column":53}},"122":{"start":{"line":196,"column":24},"end":{"line":196,"column":53}},"123":{"start":{"line":198,"column":23},"end":{"line":198,"column":46}},"124":{"start":{"line":200,"column":6},"end":{"line":204,"column":7}},"125":{"start":{"line":201,"column":8},"end":{"line":201,"column":50}},"126":{"start":{"line":202,"column":13},"end":{"line":204,"column":7}},"127":{"start":{"line":203,"column":8},"end":{"line":203,"column":50}},"128":{"start":{"line":206,"column":6},"end":{"line":206,"column":60}},"129":{"start":{"line":207,"column":6},"end":{"line":207,"column":78}},"130":{"start":{"line":209,"column":6},"end":{"line":209,"column":26}},"131":{"start":{"line":210,"column":6},"end":{"line":210,"column":33}},"132":{"start":{"line":214,"column":27},"end":{"line":238,"column":3}},"133":{"start":{"line":216,"column":4},"end":{"line":216,"column":44}},"134":{"start":{"line":216,"column":32},"end":{"line":216,"column":44}},"135":{"start":{"line":218,"column":4},"end":{"line":237,"column":7}},"136":{"start":{"line":219,"column":6},"end":{"line":219,"column":34}},"137":{"start":{"line":219,"column":22},"end":{"line":219,"column":34}},"138":{"start":{"line":221,"column":23},"end":{"line":221,"column":42}},"139":{"start":{"line":222,"column":24},"end":{"line":222,"column":28}},"140":{"start":{"line":224,"column":6},"end":{"line":227,"column":7}},"141":{"start":{"line":225,"column":22},"end":{"line":225,"column":41}},"142":{"start":{"line":226,"column":8},"end":{"line":226,"column":55}},"143":{"start":{"line":229,"column":6},"end":{"line":234,"column":7}},"144":{"start":{"line":230,"column":20},"end":{"line":230,"column":37}},"145":{"start":{"line":232,"column":8},"end":{"line":232,"column":38}},"146":{"start":{"line":233,"column":8},"end":{"line":233,"column":53}},"147":{"start":{"line":236,"column":6},"end":{"line":236,"column":25}},"148":{"start":{"line":240,"column":35},"end":{"line":260,"column":3}},"149":{"start":{"line":241,"column":4},"end":{"line":259,"column":7}},"150":{"start":{"line":243,"column":6},"end":{"line":245,"column":7}},"151":{"start":{"line":244,"column":8},"end":{"line":244,"column":63}},"152":{"start":{"line":244,"column":50},"end":{"line":244,"column":63}},"153":{"start":{"line":248,"column":6},"end":{"line":251,"column":7}},"154":{"start":{"line":249,"column":8},"end":{"line":249,"column":88}},"155":{"start":{"line":249,"column":75},"end":{"line":249,"column":88}},"156":{"start":{"line":250,"column":8},"end":{"line":250,"column":84}},"157":{"start":{"line":250,"column":71},"end":{"line":250,"column":84}},"158":{"start":{"line":254,"column":6},"end":{"line":256,"column":7}},"159":{"start":{"line":255,"column":8},"end":{"line":255,"column":67}},"160":{"start":{"line":255,"column":54},"end":{"line":255,"column":67}},"161":{"start":{"line":258,"column":6},"end":{"line":258,"column":18}},"162":{"start":{"line":263,"column":26},"end":{"line":266,"column":3}},"163":{"start":{"line":264,"column":25},"end":{"line":264,"column":47}},"164":{"start":{"line":265,"column":4},"end":{"line":265,"column":50}},"165":{"start":{"line":269,"column":27},"end":{"line":269,"column":52}},"166":{"start":{"line":270,"column":25},"end":{"line":270,"column":48}},"167":{"start":{"line":271,"column":25},"end":{"line":271,"column":48}},"168":{"start":{"line":273,"column":27},"end":{"line":282,"column":3}},"169":{"start":{"line":274,"column":4},"end":{"line":280,"column":5}},"170":{"start":{"line":275,"column":6},"end":{"line":275,"column":65}},"171":{"start":{"line":276,"column":11},"end":{"line":280,"column":5
[...]
"column":27},"end":{"line":61,"column":58}},"18":{"start":{"line":75,"column":27},"end":{"line":75,"column":61}}},"fnMap":{"0":{"name":"FacilityStaffDashboard","decl":{"start":{"line":9,"column":24},"end":{"line":9,"column":46}},"loc":{"start":{"line":9,"column":49},"end":{"line":90,"column":1}},"line":9},"1":{"name":"(anonymous_1)","decl":{"start":{"line":14,"column":25},"end":{"line":14,"column":26}},"loc":{"start":{"line":14,"column":35},"end":{"line":16,"column":3}},"line":14},"2":{"name":"(anonymous_2)","decl":{"start":{"line":17,"column":21},"end":{"line":17,"column":22}},"loc":{"start":{"line":17,"column":27},"end":{"line":19,"column":3}},"line":17},"3":{"name":"(anonymous_3)","decl":{"start":{"line":20,"column":25},"end":{"line":20,"column":26}},"loc":{"start":{"line":20,"column":31},"end":{"line":24,"column":3}},"line":20},"4":{"name":"(anonymous_4)","decl":{"start":{"line":40,"column":31},"end":{"line":40,"column":32}},"loc":{"start":{"line":40,"column":37},"end":{"line":40,"column":56}},"line":40},"5":{"name":"(anonymous_5)","decl":{"start":{"line":61,"column":21},"end":{"line":61,"column":22}},"loc":{"start":{"line":61,"column":27},"end":{"line":61,"column":58}},"line":61},"6":{"name":"(anonymous_6)","decl":{"start":{"line":75,"column":21},"end":{"line":75,"column":22}},"loc":{"start":{"line":75,"column":27},"end":{"line":75,"column":61}},"line":75}},"branchMap":{"0":{"loc":{"start":{"line":27,"column":28},"end":{"line":27,"column":57}},"type":"binary-expr","locations":[{"start":{"line":27,"column":28},"end":{"line":27,"column":33}},{"start":{"line":27,"column":37},"end":{"line":27,"column":57}}],"line":27},"1":{"loc":{"start":{"line":29,"column":3},"end":{"line":31,"column":4}},"type":"if","locations":[{"start":{"line":29,"column":3},"end":{"line":31,"column":4}},{"start":{},"end":{}}],"line":29},"2":{"loc":{"start":{"line":38,"column":11},"end":{"line":43,"column":11}},"type":"binary-expr","locations":[{"start":{"line":38,"column":11},"end":{"line":38,"column":19}},{"start":{"line":39,"column":12},"end":{"line":42,"column":18}}],"line":38}},"s":{"0":0,"1":0,"2":0,"3":0,"4":0,"5":0,"6":0,"7":0,"8":0,"9":0,"10":0,"11":0,"12":0,"13":0,"14":0,"15":0,"16":0,"17":0,"18":0},"f":{"0":0,"1":0,"2":0,"3":0,"4":0,"5":0,"6":0},"b":{"0":[0,0],"1":[0,0],"2":[0,0]}}
,"C:\\Users\\Phumla Lila\\SD project\\Facility-Pro\\src\\components\\staff\\IssuesPage.jsx": {"path":"C:\\Users\\Phumla Lila\\SD project\\Facility-Pro\\src\\components\\staff\\IssuesPage.jsx","statementMap":{"0":{"start":{"line":10,"column":19},"end":{"line":423,"column":1}},"1":{"start":{"line":11,"column":34},"end":{"line":11,"column":49}},"2":{"start":{"line":12,"column":30},"end":{"line":12,"column":42}},"3":{"start":{"line":13,"column":44},"end":{"line":13,"column":58}},"4":{"start":{"line":14,"column":40},"end":{"line":14,"column":52}},"5":{"start":{"line":15,"column":40},"end":{"line":15,"column":51}},"6":{"start":{"line":16,"column":42},"end":{"line":16,"column":57}},"7":{"start":{"line":17,"column":36},"end":{"line":17,"column":51}},"8":{"start":{"line":18,"column":40},"end":{"line":18,"column":54}},"9":{"start":{"line":19,"column":34},"end":{"line":19,"column":48}},"10":{"start":{"line":20,"column":19},"end":{"line":20,"column":32}},"11":{"start":{"line":23,"column":27},"end":{"line":25,"column":5}},"12":{"start":{"line":24,"column":6},"end":{"line":24,"column":21}},"13":{"start":{"line":26,"column":23},"end":{"line":28,"column":5}},"14":{"start":{"line":27,"column":6},"end":{"line":27,"column":29}},"15":{"start":{"line":29,"column":27},"end":{"line":33,"column":5}},"16":{"start":{"line":30,"column":6},"end":{"line":30,"column":43}},"17":{"start":{"line":31,"column":6},"end":{"line":31,"column":42}},"18":{"start":{"line":32,"column":6},"end":{"line":32,"column":20}},"19":{"start":{"line":35,"column":2},"end":{"line":48,"column":9}},"20":{"start":{"line":36,"column":23},"end":{"line":46,"column":5}},"21":{"start":{"line":37,"column":6},"end":{"line":37,"column":25}},"22":{"start":{"line":38,"column":6},"end":{"line":45,"column":7}},"23":{"start":{"line":39,"column":21},"end":{"line":39,"column":40}},"24":{"start":{"line":40,"column":8},"end":{"line":40,"column":24}},"25":{"start":{"line":42,"column":8},"end":{"line":42,"column":55}},"26":{"start":{"line":44,"column":8},"end":{"line":44,"column":28}},"27":{"start":{"line":47,"column":4},"end":{"line":47,"column":17}},"28":{"start":{"line":51,"column":2},"end":{"line":64,"column":22}},"29":{"start":{"line":52,"column":24},"end":{"line":61,"column":5}},"30":{"start":{"line":53,"column":6},"end":{"line":60,"column":7}},"31":{"start":{"line":54,"column":8},"end":{"line":54,"column":45}},"32":{"start":{"line":55,"column":25},"end":{"line":55,"column":67}},"33":{"start":{"line":56,"column":8},"end":{"line":56,"column":60}},"34":{"start":{"line":57,"column":8},"end":{"line":57,"column":42}},"35":{"start":{"line":59,"column":8},"end":{"line":59,"column":29}},"36":{"start":{"line":63,"column":4},"end":{"line":63,"column":18}},"37":{"start":{"line":68,"column":4},"end":{"line":70,"column":68}},"38":{"start":{"line":70,"column":33},"end":{"line":70,"column":67}},"39":{"start":{"line":73,"column":21},"end":{"line":73,"column":67}},"40":{"start":{"line":74,"column":21},"end":{"line":74,"column":52}},"41":{"start":{"line":75,"column":26},"end":{"line":78,"column":3}},"42":{"start":{"line":80,"column":27},"end":{"line":82,"column":3}},"43":{"start":{"line":81,"column":4},"end":{"line":81,"column":28}},"44":{"start":{"line":84,"column":29},"end":{"line":88,"column":3}},"45":{"start":{"line":85,"column":4},"end":{"line":87,"column":5}},"46":{"start":{"line":86,"column":6},"end":{"line":86,"column":38}},"47":{"start":{"line":90,"column":25},"end":{"line":94,"column":3}},"48":{"start":{"line":91,"column":4},"end":{"line":93,"column":5}},"49":{"start":{"line":92,"column":6},"end":{"line":92,"column":38}},"50":{"start":{"line":97,"column":27},"end":{"line":102,"column":3}},"51":{"start":{"line":98,"column":4},"end":{"line":101,"column":8}},"52":{"start":{"line":98,"column":30},"end":{"line":101,"column":5}},"53":{"start":{"line":105,"column":28},"end":{"line":138,"column":3}},"54":{"start":{"line":106,"column":4},"end":{"line":106,"column":29}},"55":{"start":{"line":106,"column":22},"end":{"line":106,"column":29}},"56":{"start":{"line":108,"column":4},"end":{"line":108,"column":23}},"57":{"start":{"line":109,"column":4},"end":{"line":137,"column":5}},"58":{"start":{"line":110,"column":6},"end":{"line":110,"column":58}},"59":{"start":{"line":113,"column":6},"end":{"line":117,"column":8}},"60":{"start":{"line":115,"column":10},"end":{"line":115,"column":69}},"61":{"start":{"line":120,"column":6},"end":{"line":120,"column":29}},"62":{"start":{"line":123,"column":6},"end":{"line":130,"column":9}},"63":{"start":{"line":132,"column":6},"end":{"line":132,"column":54}},"64":{"start":{"line":134,"column":6},"end":{"line":134,"column":57}},"65":{"start":{"line":136,"column":6},"end":{"line":136,"column":26}},"66":{"start":{"line":140,"column":2},"end":{"line":422,"column":4}},"67":{"start":{"line":148,"column":37},"end":{"line":148,"column":56}},"68":{"start":{"line":162,"column":27},"end":{"line":162,"column":58}},"69":{"start":{"line":197,"column":16},"end":{"line":223,"column":21}},"70":{"start":{"line":199,"column":33},"end":{"line":199,"column":56}},"71":{"start":{"line":234,"column":27},"end":{"line":234,"column":65}},"72":{"start":{"line":272,"column":31},"end":{"line":272,"column":53}},"73":{"start":{"line":294,"column":43},"end":{"line":300,"column":56}},"74":{"start":{"line":301,"column":42},"end":{"line":301,"column":62}},"75":{"start":{"line":302,"column":39},"end":{"line":302,"column":61}},"76":{"start":{"line":304,"column":22},"end":{"line":322,"column":24}},"77":{"start":{"line":311,"column":28},"end":{"line":311,"column":67}},"78":{"start":{"line":319,"column":55},"end":{"line":319,"column":70}},"79":{"start":{"line":332,"column":22},"end":{"line":332,"column":66}},"80":{"start":{"line":360,"column":22},"end":{"line":360,"column":68}},"81":{"start":{"line":384,"column":22},"end":{"line":391,"column":24}},"82":{"start":{"line":401,"column":35},"end":{"line":401,"column":79}}},"fnMap":{"0":{"name":"(anonymous_0)","decl":{"start":{"line":10,"column":19},"end":{"line":10,"column":20}},"loc":{"start":{"line":10,"column":25},"end":{"line":423,"column":1}},"line":10},"1":{"name":"(anonymous_1)","decl":{"start":{"line":23,"column":27},"end":{"line":23,"column":28}},"loc":{"start":{"line":23,"column":37},"end":{"line":25,"column":5}},"line":23},"2":{"name":"(anonymous_2)","decl":{"start":{"line":26,"column":23},"end":{"line":26,"column":24}},"loc":{"start":{"line":26,"column":29},"end":{"line":28,"column":5}},"line":26},"3":{"name":"(anonymous_3)","decl":{"start":{"line":29,"column":27},"end":{"line":29,"column":28}},"loc":{"start":{"line":29,"column":33},"end":{"line":33,"column":5}},"line":29},"4":{"name":"(anonymous_4)","decl":{"start":{"line":35,"column":12},"end":{"line":35,"column":13}},"loc":{"start":{"line":35,"column":18},"end":{"line":48,"column":3}},"line":35},"5":{"name":"(anonymous_5)","decl":{"start":{"line":36,"column":23},"end":{"line":36,"column":24}},"loc":{"start":{"line":36,"column":35},"end":{"line":46,"column":5}},"line":36},"6":{"name":"(anonymous_6)","decl":{"start":{"line":51,"column":12},"end":{"line":51,"column":13}},"loc":{"start":{"line":51,"column":18},"end":{"line":64,"column":3}},"line":51},"7":{"name":"(anonymous_7)","decl":{"start":{"line":52,"column":24},"end":{"line":52,"column":25}},"loc":{"start":{"line":52,"column":36},"end":{"line":61,"column":5}},"line":52},"8":{"name":"(anonymous_8)","decl":{"start":{"line":70,"column":22},"end":{"line":70,"column":23}},"loc":{"start":{"line":70,"column":33},"end":{"line":70,"column":67}},"line":70},"9":{"name":"(anonymous_9)","decl":{"start":{"line":80,"column":27},"end":{"line":80,"column":28}},"loc":{"start":{"line":80,"column":38},"end":{"line":82,"column":3}},"line":80},"10":{"name":"(anonymous_10)","decl":{"start":{"line":84,"column":29},"end":{"line":84,"column":30}},"loc":{"start":{"line":84,"column":35},"end":{"line":88,"column":3}},"line":84},"11":{"name":"(anonymous_11)","decl":{"start":{"line":90,"column":25},"end":{"line":90,"column":26}},"loc":{"start":{"line":90,"column":31},"end":{"line":94,"column":3}},"line":90},"12":{"name":"(anonymous_12)","decl":{"start":{"line":97,"column":27},"end":{"line":97,"column":28}},"loc":{"start":{"line":97,"column":45},"end":{"line":102,"column":3}},"line":97},"13":{"name":"(anonymous_13)","decl":{"start":{"line":98,"column":19},"end":{"line":98,"column":20}},"loc":{"start":{"line":98,"column":30},"end":{"line":101,"column":5}},"line":98},"14":{"name":"(anonymous_14)","decl":{"start":{"line":105,"column":28},"end":{"line":105,"column":29}},"loc":{"start":{"line":105,"column":40},"end":{"line":138,"column":3}},"line":105},"15":{"name":"(anonymous_15)","decl":{"start":{"line":114,"column":19},"end":{"line":114,"column":20}},"loc":{"start":{"line":115,"column":10},"end":{"line":115,"column":69}},"line":115},"16":{"name":"(anonymous_16)","decl":{"start":{"line":148,"column":31},"end":{"line":148,"column":32}},"loc":{"start":{"line":148,"column":37},"end":{"line":148,"column":56}},"line":148},"17":{"name":"(anonymous_17)","decl":{"start":{"line":162,"column":20},"end":{"line":162,"column":21}},"loc":{"start":{"line":162,"column":27},"end":{"line":162,"column":58}},"line":162},"18":{"name":"(anonymous_18)","decl":{"start":{"line":196,"column":34},"end":{"line":196,"column":35}},"loc":{"start":{"line":197,"column":16},"end":{"line":223,"column":21}},"line":197},"19":{"name":"(anonymous_19)","decl":{"start":{"line":199,"column":27},"end":{"line":199,"column":28}},"loc":{"start":{"line":199,"column":33},"end":{"line":199,"column":56}},"line":199},"20":{"name":"(anonymous_20)","decl":{"start":{"line":234,"column":20},"end":{"line":234,"column":21}},"loc":{"start":{"line":234,"column":27},"end":{"line":234,"column":65}},"line":234},"21":{"name":"(anonymous_21)","decl":{"start":{"line":272,"column":25},"end":{"line":272,"column":26}},"loc":{"start":{"line":272,"column":31},"end":{"line":272,"column":53}},"line":272},"22":{"name":"(anonymous_22)","decl":{"start":{"line":293,"column":26},"end":{"line":293,"column":27}},"loc":{"start":{"line":293,"column":45},"end":{"line":323,"column":21}},"line":293},"23":{"name":"(anonymous_23)","decl":{"start":{"line":310,"column":35},"end":{"line":310,"column":36}},"loc":{"start":{"line":311,"column":28},"end":{"line":311,"column":67}},"line":311},"24":{"name":"(anonymous_24)","decl":{"start":{"line":319,"column":48},"end":{"line":319,"column":49}},"loc":{"start":{"line":319,"column":55},"end":{"line":319,"column":70}},"line":319},"25":{"name":"(anonymous_25)","decl":{"start":{"line":331,"column":30},"end":{"line":331,"column":31}},"loc":{"start":{"line":332,"column":22},"end":{"line":332,"column":66}},"line":332},"26":{"name":"(anonymous_26)","decl":{"start":{"line":359,"column":30},"end":{"line":359,"column":31}},"loc":{"start":{"line":360,"column":22},"end":{"line":360,"column":68}},"line":360},"27":{"name":"(anonymous_27)","decl":{"start":{"line":383,"column":44},"end":{"line":383,"column":45}},"loc":{"start":{"line":384,"column":22},"end":{"line":391,"column":24}},"line":384},"28":{"name":"(anonymous_28)","decl":{"start":{"line":401,"column":28},"end":{"line":401,"column":29}},"loc":{"start":{"line":401,"column":35},"end":{"line":401,"column":79}},"line":401}},"branchMap":{"0":{"loc":{"start":{"line":53,"column":6},"end":{"line":60,"column":7}},"type":"if","locations":[{"start":{"line":53,"column":6},"end":{"line":60,"column":7}},{"start":{"line":58,"column":13},"end":{"line":60,"column":7}}],"line":53},"1":{"loc":{"start":{"line":68,"column":4},"end":{"line":70,"column":68}},"type":"cond-expr","locations":[{"start":{"line":69,"column":8},"end":{"line":69,"column":14}},{"start":{"line":70,"column":8},"end":{"line":70,"column":68}}],"line":68},"2":{"loc":{"start":{"line":85,"column":4},"end":{"line":87,"column":5}},"type":"if","locations":[{"start":{"line":85,"column":4},"end":{"line":87,"column":5}},{"start":{},"end":{}}],"line":85},"3":{"loc":{"start":{"line":91,"column":4},"end":{"line":93,"column":5}},"type":"if","locations":[{"start":{"line":91,"column":4},"end":{"line":93,"column":5}},{"start":{},"end":{}}],"line":91},"4":{"loc":{"start":{"line":106,"column":4},"end":{"line":106,"column":29}},"type":"if","locations":[{"start":{"line":106,"column":4},"end":{"line":106,"column":29}},{"start":{},"end":{}}],"line":106},"5":{"loc":{"start":{"line":115,"column":10},"end":{"line":115,"column":69}},"type":"cond-expr","locations":[{"start":{"line":115,"column":50},"end":{"line":115,"column":61}},{"start":{"line":115,"column":64},"end":{"line":115,"column":69}}],"line":115},"6":{"loc":{"start":{"line":146,"column":11},"end":{"line":151,"column":11}},"type":"binary-expr","locations":[{"start":{"line":146,"column":11},"end":{"line":146,"column":19}},{"start":{"line":147,"column":12},"end":{"line":150,"column":18}}],"line":146},"7":{"loc":{"start":{"line":188,"column":13},"end":{"line":225,"column":13}},"type":"cond-expr","locations":[{"start":{"line":189,"column":14},"end":{"line":194,"column":19}},{"start":{"line":196,"column":14},"end":{"line":224,"column":16}}],"line":188},"8":{"loc":{"start":{"line":201,"column":20},"end":{"line":203,"column":26}},"type":"cond-expr","locations":[{"start":{"line":202,"column":24},"end":{"line":202,"column":38}},{"start":{"line":203,"column":24},"end":{"line":203,"column":26}}],"line":201},"9":{"loc":{"start":{"line":266,"column":7},"end":{"line":420,"column":7}},"type":"binary-expr","locations":[{"start":{"line":266,"column":7},"end":{"line":266,"column":20}},{"start":{"line":266,"column":24},"end":{"line":266,"column":35}},{"start":{"line":267,"column":8},"end":{"line":419,"column":16}}],"line":266},"10":{"loc":{"start":{"line":308,"column":28},"end":{"line":308,"column":58}},"type":"cond-expr","locations":[{"start":{"line":308,"column":42},"end":{"line":308,"column":53}},{"start":{"line":308,"column":56},"end":{"line":308,"column":58}}],"line":308},"11":{"loc":{"start":{"line":309,"column":30},"end":{"line":309,"column":54}},"type":"cond-expr","locations":[{"start":{"line":309,"column":41},"end":{"line":309,"column":49}},{"start":{"line":309,"column":52},"end":{"line":309,"column":54}}],"line":309},"12":{"loc":{"start":{"line":349,"column":22},"end":{"line":349,"column":45}},"type":"binary-expr","locations":[{"start":{"line":349,"column":22},"end":{"line":349,"column":30}},{"start":{"line":349,"column":34},"end":{"line":349,"column":45}}],"line":349},"13":{"loc":{"start":{"line":358,"column":27},"end":{"line":358,"column":55}},"type":"binary-expr","locations":[{"start":{"line":358,"column":27},"end":{"line":358,"column":49}},{"start":{"line":358,"column":53},"end":{"line":358,"column":55}}],"line":358},"14":{"loc":{"start":{"line":379,"column":15},"end":{"line":395,"column":15}},"type":"binary-expr","locations":[{"start":{"line":379,"column":15},"end":{"line":379,"column":33}},{"start":{"line":379,"column":37},"end":{"line":379,"column":66}},{"start":{"line":380,"column":16},"end":{"line":394,"column":26}}],"line":379},"15":{"loc":{"start":{"line":400,"column":25},"end":{"line":400,"column":51}},"type":"binary-expr","locations":[{"start":{"line":400,"column":25},"end":{"line":400,"column":45}},{"start":{"line":400,"column":49},"end":{"line":400,"column":51}}],"line":400},"16":{"loc":{"start":{"line":410,"column":18},"end":{"line":410,"column":44}},"type":"cond-expr","locations":[{"start":{"line":410,"column":30},"end":{"line":410,"column":39}},{"start":{"line":410,"column":42},"end":{"line":410,"column":44}}],"line":410},"17":{"loc":{"start":{"line":415,"column":17},"end":{"line":415,"column":59}},"type":"cond-expr","locations":[{"start":{"line":415,"column":29},"end":{"line":415,"column":42}},{"start":{"line":415,"column":45},"end":{"line":415,"column":59}}],"line":415}},"s":{"0":0,"1":0,"2":0,"3":0,"4":0,"5":0,"6":0,"7":0,"8":0,"9":0,"10":0,"11":0,"12":0,"13":0,"14":0,"15":0,"16":0,"17":0,"18":0,"19":0,"20":0,"21":0,"22":0,"23":0,"24":0,"25":0,"26":0,"27":0,"28":0,"29":0,"30":0,"31":0,"32":0,"33":0,"34":0,"35":0,"36":0,"37":0,"38":0,"39":0,"40":0,"41":0,"42":0,"43":0,"44":0,"45":0,"46":0,"47":0,"48":0,"49":0,"50":0,"51":0,"52":0,"53":0,"54":0,"55":0,"56":0,"57":0,"58":0,"59":0,"60":0,"61":0,"62":0,"63":0,"64":0,"65":0,"66":0,"67":0,"68":0,"69":0,"70":0,"71":0,"72":0,"73":0,"74":0,"75":0,"76":0,"77":0,"78":0,"79":0,"80":0,"81":0,"82":0},"f":{"0":0,"1":0,"2":0,"3":0,"4":0,"5":0,"6":0,"7":0,"8":0,"9":0,"10":0,"11":0,"12":0,"13":0,"14":0,"15":0,"16":0,"17":0,"18":0,"19":0,"20":0,"21":0,"22":0,"23":0,"24":0,"25":0,"26":0,"27":0,"28":0},"b":{"0":[0,0],"1":[0,0],"2":[0,0],"3":[0,0],"4":[0,0],"5":[0,0],"6":[0,0],"7":[0,0],"8":[0,0],"9":[0,0,0],"10":[0,0],"11":[0,0],"12":[0,0],"13":[0,0],"14":[0,0,0],"15":[0,0],"16":[0,0],"17":[0,0]}}
,"C:\\Users\\Phumla Lila\\SD project\\Facility-Pro\\src\\components\\staff\\IssuesPageList.jsx": {"path":"C:\\Users\\Phumla Lila\\SD project\\Facility-Pro\\src\\components\\staff\\IssuesPageList.jsx","statementMap":{"0":{"start":{"line":5,"column":16},"end":{"line":8,"column":1}},"1":{"start":{"line":11,"column":23},"end":{"line":13,"column":1}},"2":{"start":{"line":12,"column":4},"end":{"line":12,"column":93}},"3":{"start":{"line":12,"column":78},"end":{"line":12,"column":89}}},"fnMap":{"0":{"name":"(anonymous_0)","decl":{"start":{"line":11,"column":23},"end":{"line":11,"column":24}},"loc":{"start":{"line":12,"column":4},"end":{"line":12,"column":93}},"line":12},"1":{"name":"(anonymous_1)","decl":{"start":{"line":12,"column":69},"end":{"line":12,"column":70}},"loc":{"start":{"line":12,"column":78},"end":{"line":12,"column":89}},"line":12}},"branchMap":{},"s":{"0":0,"1":0,"2":0,"3":0},"f":{"0":0,"1":0},"b":{}}
}
